<?xml version="1.0" encoding="UTF-8"?>
<!-- Generated by org.testng.reporters.JUnitXMLReporter -->
<testsuite ignored="0" hostname="Pakinams-MacBook-Air.local" failures="0" tests="1" name="Manufacturers Tests" time="0.013" errors="0" timestamp="2023-10-28T10:47:10 EET">
  <testcase classname="org.apache.maven.archetypes.nopcommerceApp.TestBase" name="@BeforeClass setup" time="0.006">
    <failure type="java.lang.IllegalStateException" message="The driver executable does not exist: /Users/pakinamnoureldeen/Downloads/nopcommerceApp-master/./Drivers\chromedriver\chromedriver.exe">
      <![CDATA[java.lang.IllegalStateException: The driver executable does not exist: /Users/pakinamnoureldeen/Downloads/nopcommerceApp-master/./Drivers\chromedriver\chromedriver.exe
at com.google.common.base.Preconditions.checkState(Preconditions.java:585)
at org.openqa.selenium.remote.service.DriverService.checkExecutable(DriverService.java:146)
at org.openqa.selenium.remote.service.DriverService.findExecutable(DriverService.java:141)
at org.openqa.selenium.chrome.ChromeDriverService.access$000(ChromeDriverService.java:35)
at org.openqa.selenium.chrome.ChromeDriverService$Builder.findDefaultExecutable(ChromeDriverService.java:159)
at org.openqa.selenium.remote.service.DriverService$Builder.build(DriverService.java:355)
at org.openqa.selenium.chrome.ChromeDriverService.createDefaultService(ChromeDriverService.java:94)
at org.openqa.selenium.chrome.ChromeDriver.<init>(ChromeDriver.java:123)
at org.apache.maven.archetypes.nopcommerceApp.TestBase.setup(TestBase.java:51)
at java.base/java.util.ArrayList.forEach(ArrayList.java:1541)
... Removed 29 stack frames]]>
    </failure>
  </testcase> <!-- @BeforeClass setup -->
  <testcase classname="org.apache.maven.archetypes.nopcommerceApp.TestAddManufacturer" name="@BeforeMethod beforeMethod" time="-1.698482830985E9">
    <skipped/>
  </testcase> <!-- @BeforeMethod beforeMethod -->
  <testcase classname="org.apache.maven.archetypes.nopcommerceApp.TestAddManufacturer" name="@AfterMethod afterMethod" time="-1.698482830985E9">
    <skipped/>
  </testcase> <!-- @AfterMethod afterMethod -->
  <testcase classname="org.apache.maven.archetypes.nopcommerceApp.TestBase" name="@AfterClass tearDown" time="-1.698482830985E9">
    <skipped/>
  </testcase> <!-- @AfterClass tearDown -->
  <testcase classname="org.apache.maven.archetypes.nopcommerceApp.TestAddManufacturer" name="test_addManufacturer" time="0.0">
    <skipped/>
  </testcase> <!-- test_addManufacturer -->
</testsuite> <!-- Manufacturers Tests -->
