<!DOCTYPE html PUBLIC "-//W3C//DTD XHTML 1.1//EN" "http://www.w3.org/TR/xhtml11/DTD/xhtml11.dtd">
<html xmlns="http://www.w3.org/1999/xhtml">
<head>
<meta http-equiv="content-type" content="text/html; charset=UTF-8"/>
<title>TestNG Report</title>
<style type="text/css">table {margin-bottom:10px;border-collapse:collapse;empty-cells:show}th,td {border:1px solid #009;padding:.25em .5em}th {vertical-align:bottom}td {vertical-align:top}table a {font-weight:bold}.stripe td {background-color: #E6EBF9}.num {text-align:right}.passedodd td {background-color: #3F3}.passedeven td {background-color: #0A0}.skippedodd td {background-color: #DDD}.skippedeven td {background-color: #CCC}.failedodd td,.attn {background-color: #F33}.failedeven td,.stripe .attn {background-color: #D00}.stacktrace {white-space:pre;font-family:monospace}.totop {font-size:85%;text-align:center;border-bottom:2px solid #000}.invisible {display:none}</style>
</head>
<body>
<table>
<tr><th>Test</th><th># Passed</th><th># Skipped</th><th># Retried</th><th># Failed</th><th>Time (ms)</th><th>Included Groups</th><th>Excluded Groups</th></tr>
<tr><th colspan="8">nopCommerce Test Suite</th></tr>
<tr><td><a href="#t0">Login Tests</a></td><td class="num">0</td><td class="num attn">2</td><td class="num">0</td><td class="num">0</td><td class="num">732</td><td></td><td></td></tr>
<tr class="stripe"><td><a href="#t1">Products Tests</a></td><td class="num">0</td><td class="num attn">6</td><td class="num">0</td><td class="num">0</td><td class="num">62</td><td></td><td></td></tr>
<tr><td><a href="#t2">Manufacturers Tests</a></td><td class="num">0</td><td class="num attn">1</td><td class="num">0</td><td class="num">0</td><td class="num">13</td><td></td><td></td></tr>
<tr><th>Total</th><th class="num">0</th><th class="num attn">9</th><th class="num">0</th><th class="num">0</th><th class="num">807</th><th colspan="2"></th></tr>
</table>
<table id='summary'><thead><tr><th>Class</th><th>Method</th><th>Start</th><th>Time (ms)</th></tr></thead><tbody><tr><th colspan="4">nopCommerce Test Suite</th></tr></tbody><tbody id="t0"><tr><th colspan="4">Login Tests &#8212; failed (configuration methods)</th></tr><tr class="failedeven"><td rowspan="1">org.apache.maven.archetypes.nopcommerceApp.DDTestLogin</td><td><a href="#m0">setup</a></td><td rowspan="1">1698482829920</td><td rowspan="1">11</td></tr><tr class="failedodd"><td rowspan="1">org.apache.maven.archetypes.nopcommerceApp.TestLogin</td><td><a href="#m1">setup</a></td><td rowspan="1">1698482829718</td><td rowspan="1">170</td></tr><tr><th colspan="4">Login Tests &#8212; skipped (configuration methods)</th></tr><tr class="skippedeven"><td rowspan="1">org.apache.maven.archetypes.nopcommerceApp.DDTestLogin</td><td><a href="#m2">tearDown</a></td><td rowspan="1">1698482829950</td><td rowspan="1">-1698482829950</td></tr><tr class="skippedodd"><td rowspan="3">org.apache.maven.archetypes.nopcommerceApp.TestLogin</td><td><a href="#m3">afterMethod</a></td><td rowspan="1">1698482829918</td><td rowspan="1">-1698482829918</td></tr><tr class="skippedodd"><td><a href="#m4">beforeMethod</a></td><td rowspan="1">1698482829909</td><td rowspan="1">-1698482829909</td></tr><tr class="skippedodd"><td><a href="#m5">tearDown</a></td><td rowspan="1">1698482829919</td><td rowspan="1">-1698482829919</td></tr><tr><th colspan="4">Login Tests &#8212; skipped</th></tr><tr class="skippedeven"><td rowspan="1">org.apache.maven.archetypes.nopcommerceApp.DDTestLogin</td><td><a href="#m6">ddt_test_login</a></td><td rowspan="1">1698482829949</td><td rowspan="1">0</td></tr><tr class="skippedodd"><td rowspan="1">org.apache.maven.archetypes.nopcommerceApp.TestLogin</td><td><a href="#m7">test_login</a></td><td rowspan="1">1698482829909</td><td rowspan="1">0</td></tr></tbody>
<tbody id="t1"><tr><th colspan="4">Products Tests &#8212; failed (configuration methods)</th></tr><tr class="failedeven"><td rowspan="1">org.apache.maven.archetypes.nopcommerceApp.ClearAllProductsTest</td><td><a href="#m8">setup</a></td><td rowspan="1">1698482830783</td><td rowspan="1">5</td></tr><tr class="failedodd"><td rowspan="1">org.apache.maven.archetypes.nopcommerceApp.TestAddProduct</td><td><a href="#m9">setup</a></td><td rowspan="1">1698482830737</td><td rowspan="1">24</td></tr><tr class="failedeven"><td rowspan="1">org.apache.maven.archetypes.nopcommerceApp.TestDeleteSearchedProduct</td><td><a href="#m10">setup</a></td><td rowspan="1">1698482830779</td><td rowspan="1">2</td></tr><tr class="failedodd"><td rowspan="1">org.apache.maven.archetypes.nopcommerceApp.TestEditSearchedProduct</td><td><a href="#m11">setup</a></td><td rowspan="1">1698482830773</td><td rowspan="1">3</td></tr><tr class="failedeven"><td rowspan="1">org.apache.maven.archetypes.nopcommerceApp.TestSearchProductByName</td><td><a href="#m12">setup</a></td><td rowspan="1">1698482830765</td><td rowspan="1">3</td></tr><tr class="failedodd"><td rowspan="1">org.apache.maven.archetypes.nopcommerceApp.TestSearchProductByType</td><td><a href="#m13">setup</a></td><td rowspan="1">1698482830770</td><td rowspan="1">1</td></tr><tr><th colspan="4">Products Tests &#8212; skipped (configuration methods)</th></tr><tr class="skippedeven"><td rowspan="3">org.apache.maven.archetypes.nopcommerceApp.ClearAllProductsTest</td><td><a href="#m14">afterMethod</a></td><td rowspan="1">1698482830789</td><td rowspan="1">-1698482830789</td></tr><tr class="skippedeven"><td><a href="#m15">beforeMethod</a></td><td rowspan="1">1698482830789</td><td rowspan="1">-1698482830789</td></tr><tr class="skippedeven"><td><a href="#m16">tearDown</a></td><td rowspan="1">1698482830789</td><td rowspan="1">-1698482830789</td></tr><tr class="skippedodd"><td rowspan="3">org.apache.maven.archetypes.nopcommerceApp.TestAddProduct</td><td><a href="#m17">afterMethod</a></td><td rowspan="1">1698482830764</td><td rowspan="1">-1698482830764</td></tr><tr class="skippedodd"><td><a href="#m18">beforeMethod</a></td><td rowspan="1">1698482830762</td><td rowspan="1">-1698482830762</td></tr><tr class="skippedodd"><td><a href="#m19">tearDown</a></td><td rowspan="1">1698482830764</td><td rowspan="1">-1698482830764</td></tr><tr class="skippedeven"><td rowspan="3">org.apache.maven.archetypes.nopcommerceApp.TestDeleteSearchedProduct</td><td><a href="#m20">afterMethod</a></td><td rowspan="1">1698482830782</td><td rowspan="1">-1698482830782</td></tr><tr class="skippedeven"><td><a href="#m21">beforeMethod</a></td><td rowspan="1">1698482830782</td><td rowspan="1">-1698482830782</td></tr><tr class="skippedeven"><td><a href="#m22">tearDown</a></td><td rowspan="1">1698482830782</td><td rowspan="1">-1698482830782</td></tr><tr class="skippedodd"><td rowspan="3">org.apache.maven.archetypes.nopcommerceApp.TestEditSearchedProduct</td><td><a href="#m23">afterMethod</a></td><td rowspan="1">1698482830778</td><td rowspan="1">-1698482830778</td></tr><tr class="skippedodd"><td><a href="#m24">beforeMethod</a></td><td rowspan="1">1698482830778</td><td rowspan="1">-1698482830778</td></tr><tr class="skippedodd"><td><a href="#m25">tearDown</a></td><td rowspan="1">1698482830779</td><td rowspan="1">-1698482830779</td></tr><tr class="skippedeven"><td rowspan="3">org.apache.maven.archetypes.nopcommerceApp.TestSearchProductByName</td><td><a href="#m26">afterMethod</a></td><td rowspan="1">1698482830769</td><td rowspan="1">-1698482830769</td></tr><tr class="skippedeven"><td><a href="#m27">beforeMethod</a></td><td rowspan="1">1698482830769</td><td rowspan="1">-1698482830769</td></tr><tr class="skippedeven"><td><a href="#m28">tearDown</a></td><td rowspan="1">1698482830770</td><td rowspan="1">-1698482830770</td></tr><tr class="skippedodd"><td rowspan="3">org.apache.maven.archetypes.nopcommerceApp.TestSearchProductByType</td><td><a href="#m29">afterMethod</a></td><td rowspan="1">1698482830773</td><td rowspan="1">-1698482830773</td></tr><tr class="skippedodd"><td><a href="#m30">beforeClass</a></td><td rowspan="1">1698482830772</td><td rowspan="1">-1698482830772</td></tr><tr class="skippedodd"><td><a href="#m31">tearDown</a></td><td rowspan="1">1698482830773</td><td rowspan="1">-1698482830773</td></tr><tr><th colspan="4">Products Tests &#8212; skipped</th></tr><tr class="skippedeven"><td rowspan="1">org.apache.maven.archetypes.nopcommerceApp.ClearAllProductsTest</td><td><a href="#m32">test_IfAllTheChosenProductsCanBeDeletedWhenPressingDeleteButton</a></td><td rowspan="1">1698482830789</td><td rowspan="1">0</td></tr><tr class="skippedodd"><td rowspan="1">org.apache.maven.archetypes.nopcommerceApp.TestAddProduct</td><td><a href="#m33">test_AddProduct</a></td><td rowspan="1">1698482830762</td><td rowspan="1">0</td></tr><tr class="skippedeven"><td rowspan="1">org.apache.maven.archetypes.nopcommerceApp.TestDeleteSearchedProduct</td><td><a href="#m34">test_IfSearchedProductWasDeletedAfterPressingDeleteButton</a></td><td rowspan="1">1698482830782</td><td rowspan="1">0</td></tr><tr class="skippedodd"><td rowspan="1">org.apache.maven.archetypes.nopcommerceApp.TestEditSearchedProduct</td><td><a href="#m35">test_ifTheSearchedProductUpdatedAfterEditing</a></td><td rowspan="1">1698482830778</td><td rowspan="1">0</td></tr><tr class="skippedeven"><td rowspan="1">org.apache.maven.archetypes.nopcommerceApp.TestSearchProductByName</td><td><a href="#m36">test_searchByProductName</a></td><td rowspan="1">1698482830769</td><td rowspan="1">0</td></tr><tr class="skippedodd"><td rowspan="1">org.apache.maven.archetypes.nopcommerceApp.TestSearchProductByType</td><td><a href="#m37">test_searchProductByType</a></td><td rowspan="1">1698482830773</td><td rowspan="1">0</td></tr></tbody>
<tbody id="t2"><tr><th colspan="4">Manufacturers Tests &#8212; failed (configuration methods)</th></tr><tr class="failedeven"><td rowspan="1">org.apache.maven.archetypes.nopcommerceApp.TestAddManufacturer</td><td><a href="#m38">setup</a></td><td rowspan="1">1698482830978</td><td rowspan="1">6</td></tr><tr><th colspan="4">Manufacturers Tests &#8212; skipped (configuration methods)</th></tr><tr class="skippedeven"><td rowspan="3">org.apache.maven.archetypes.nopcommerceApp.TestAddManufacturer</td><td><a href="#m39">afterMethod</a></td><td rowspan="1">1698482830985</td><td rowspan="1">-1698482830985</td></tr><tr class="skippedeven"><td><a href="#m40">beforeMethod</a></td><td rowspan="1">1698482830985</td><td rowspan="1">-1698482830985</td></tr><tr class="skippedeven"><td><a href="#m41">tearDown</a></td><td rowspan="1">1698482830985</td><td rowspan="1">-1698482830985</td></tr><tr><th colspan="4">Manufacturers Tests &#8212; skipped</th></tr><tr class="skippedeven"><td rowspan="1">org.apache.maven.archetypes.nopcommerceApp.TestAddManufacturer</td><td><a href="#m42">test_addManufacturer</a></td><td rowspan="1">1698482830985</td><td rowspan="1">0</td></tr></tbody>
</table>
<h2>Login Tests</h2><h3 id="m0">org.apache.maven.archetypes.nopcommerceApp.DDTestLogin#setup</h3><table class="result"><tr class="param"><th>Parameter #1</th></tr><tr class="param stripe"><td>firefox</td></tr><tr><th>Exception</th></tr><tr><td><div class="stacktrace">org.openqa.selenium.WebDriverException: Cannot find firefox binary in PATH. Make sure firefox is installed. OS appears to be: MAC
Build info: version: &apos;3.141.59&apos;, revision: &apos;e82be7d358&apos;, time: &apos;2018-11-14T08:17:03&apos;
System info: host: &apos;Pakinams-MacBook-Air.local&apos;, ip: &apos;fd58:d759:8a5a:d000:cd:fa8:6839:81b4%en0&apos;, os.name: &apos;Mac OS X&apos;, os.arch: &apos;x86_64&apos;, os.version: &apos;11.2&apos;, java.version: &apos;11.0.13&apos;
Driver info: driver.version: FirefoxDriver
	at org.openqa.selenium.firefox.FirefoxBinary.&lt;init&gt;(FirefoxBinary.java:100)
	at java.base/java.util.Optional.orElseGet(Optional.java:369)
	at org.openqa.selenium.firefox.FirefoxOptions.getBinary(FirefoxOptions.java:216)
	at org.openqa.selenium.firefox.FirefoxDriver.toExecutor(FirefoxDriver.java:187)
	at org.openqa.selenium.firefox.FirefoxDriver.&lt;init&gt;(FirefoxDriver.java:147)
	at org.openqa.selenium.firefox.FirefoxDriver.&lt;init&gt;(FirefoxDriver.java:125)
	at org.apache.maven.archetypes.nopcommerceApp.TestBase.setup(TestBase.java:56)
	at java.base/java.util.ArrayList.forEach(ArrayList.java:1541)
... Removed 29 stack frames</div></td></tr></table><p class="totop"><a href="#summary">back to summary</a></p>
<h3 id="m1">org.apache.maven.archetypes.nopcommerceApp.TestLogin#setup</h3><table class="result"><tr class="param"><th>Parameter #1</th></tr><tr class="param stripe"><td>firefox</td></tr><tr><th>Exception</th></tr><tr><td><div class="stacktrace">org.openqa.selenium.WebDriverException: Cannot find firefox binary in PATH. Make sure firefox is installed. OS appears to be: MAC
Build info: version: &apos;3.141.59&apos;, revision: &apos;e82be7d358&apos;, time: &apos;2018-11-14T08:17:03&apos;
System info: host: &apos;Pakinams-MacBook-Air.local&apos;, ip: &apos;fd58:d759:8a5a:d000:cd:fa8:6839:81b4%en0&apos;, os.name: &apos;Mac OS X&apos;, os.arch: &apos;x86_64&apos;, os.version: &apos;11.2&apos;, java.version: &apos;11.0.13&apos;
Driver info: driver.version: FirefoxDriver
	at org.openqa.selenium.firefox.FirefoxBinary.&lt;init&gt;(FirefoxBinary.java:100)
	at java.base/java.util.Optional.orElseGet(Optional.java:369)
	at org.openqa.selenium.firefox.FirefoxOptions.getBinary(FirefoxOptions.java:216)
	at org.openqa.selenium.firefox.FirefoxDriver.toExecutor(FirefoxDriver.java:187)
	at org.openqa.selenium.firefox.FirefoxDriver.&lt;init&gt;(FirefoxDriver.java:147)
	at org.openqa.selenium.firefox.FirefoxDriver.&lt;init&gt;(FirefoxDriver.java:125)
	at org.apache.maven.archetypes.nopcommerceApp.TestBase.setup(TestBase.java:56)
	at java.base/java.util.ArrayList.forEach(ArrayList.java:1541)
... Removed 29 stack frames</div></td></tr></table><p class="totop"><a href="#summary">back to summary</a></p>
<h3 id="m2">org.apache.maven.archetypes.nopcommerceApp.DDTestLogin#tearDown</h3><table class="result"><tr><th class="invisible"/></tr></table><p class="totop"><a href="#summary">back to summary</a></p>
<h3 id="m3">org.apache.maven.archetypes.nopcommerceApp.TestLogin#afterMethod</h3><table class="result"><tr><th class="invisible"/></tr></table><p class="totop"><a href="#summary">back to summary</a></p>
<h3 id="m4">org.apache.maven.archetypes.nopcommerceApp.TestLogin#beforeMethod</h3><table class="result"><tr><th class="invisible"/></tr></table><p class="totop"><a href="#summary">back to summary</a></p>
<h3 id="m5">org.apache.maven.archetypes.nopcommerceApp.TestLogin#tearDown</h3><table class="result"><tr><th class="invisible"/></tr></table><p class="totop"><a href="#summary">back to summary</a></p>
<h3 id="m6">org.apache.maven.archetypes.nopcommerceApp.DDTestLogin#ddt_test_login</h3><table class="result"><tr><th>Exception</th></tr><tr><td><div class="stacktrace">java.lang.RuntimeException: java.io.FileNotFoundException: .\testdata\testdata.json (No such file or directory)
	at java.base/java.util.ArrayList.forEach(ArrayList.java:1541)
Caused by: java.io.FileNotFoundException: .\testdata\testdata.json (No such file or directory)
	at java.base/java.io.FileInputStream.open0(Native Method)
	at java.base/java.io.FileInputStream.open(FileInputStream.java:219)
	at java.base/java.io.FileInputStream.&lt;init&gt;(FileInputStream.java:157)
	at java.base/java.io.FileInputStream.&lt;init&gt;(FileInputStream.java:112)
	at java.base/java.io.FileReader.&lt;init&gt;(FileReader.java:60)
	at org.apache.maven.archetypes.nopcommerceApp.DDTestLogin.readJson(DDTestLogin.java:132)
	... 29 more
... Removed 36 stack frames</div></td></tr></table><p class="totop"><a href="#summary">back to summary</a></p>
<h3 id="m7">org.apache.maven.archetypes.nopcommerceApp.TestLogin#test_login</h3><table class="result"><tr><th>Exception</th></tr><tr><td><div class="stacktrace">org.openqa.selenium.WebDriverException: Cannot find firefox binary in PATH. Make sure firefox is installed. OS appears to be: MAC
Build info: version: &apos;3.141.59&apos;, revision: &apos;e82be7d358&apos;, time: &apos;2018-11-14T08:17:03&apos;
System info: host: &apos;Pakinams-MacBook-Air.local&apos;, ip: &apos;fd58:d759:8a5a:d000:cd:fa8:6839:81b4%en0&apos;, os.name: &apos;Mac OS X&apos;, os.arch: &apos;x86_64&apos;, os.version: &apos;11.2&apos;, java.version: &apos;11.0.13&apos;
Driver info: driver.version: FirefoxDriver
	at org.openqa.selenium.firefox.FirefoxBinary.&lt;init&gt;(FirefoxBinary.java:100)
	at java.base/java.util.Optional.orElseGet(Optional.java:369)
	at org.openqa.selenium.firefox.FirefoxOptions.getBinary(FirefoxOptions.java:216)
	at org.openqa.selenium.firefox.FirefoxDriver.toExecutor(FirefoxDriver.java:187)
	at org.openqa.selenium.firefox.FirefoxDriver.&lt;init&gt;(FirefoxDriver.java:147)
	at org.openqa.selenium.firefox.FirefoxDriver.&lt;init&gt;(FirefoxDriver.java:125)
	at org.apache.maven.archetypes.nopcommerceApp.TestBase.setup(TestBase.java:56)
	at java.base/java.util.ArrayList.forEach(ArrayList.java:1541)
... Removed 29 stack frames</div></td></tr></table><p class="totop"><a href="#summary">back to summary</a></p>
<h2>Products Tests</h2><h3 id="m8">org.apache.maven.archetypes.nopcommerceApp.ClearAllProductsTest#setup</h3><table class="result"><tr class="param"><th>Parameter #1</th></tr><tr class="param stripe"><td>chrome</td></tr><tr><th>Exception</th></tr><tr><td><div class="stacktrace">java.lang.IllegalStateException: The driver executable does not exist: /Users/pakinamnoureldeen/Downloads/nopcommerceApp-master/./Drivers\chromedriver\chromedriver.exe
	at com.google.common.base.Preconditions.checkState(Preconditions.java:585)
	at org.openqa.selenium.remote.service.DriverService.checkExecutable(DriverService.java:146)
	at org.openqa.selenium.remote.service.DriverService.findExecutable(DriverService.java:141)
	at org.openqa.selenium.chrome.ChromeDriverService.access$000(ChromeDriverService.java:35)
	at org.openqa.selenium.chrome.ChromeDriverService$Builder.findDefaultExecutable(ChromeDriverService.java:159)
	at org.openqa.selenium.remote.service.DriverService$Builder.build(DriverService.java:355)
	at org.openqa.selenium.chrome.ChromeDriverService.createDefaultService(ChromeDriverService.java:94)
	at org.openqa.selenium.chrome.ChromeDriver.&lt;init&gt;(ChromeDriver.java:123)
	at org.apache.maven.archetypes.nopcommerceApp.TestBase.setup(TestBase.java:51)
	at java.base/java.util.ArrayList.forEach(ArrayList.java:1541)
... Removed 29 stack frames</div></td></tr></table><p class="totop"><a href="#summary">back to summary</a></p>
<h3 id="m9">org.apache.maven.archetypes.nopcommerceApp.TestAddProduct#setup</h3><table class="result"><tr class="param"><th>Parameter #1</th></tr><tr class="param stripe"><td>chrome</td></tr><tr><th>Exception</th></tr><tr><td><div class="stacktrace">java.lang.IllegalStateException: The driver executable does not exist: /Users/pakinamnoureldeen/Downloads/nopcommerceApp-master/./Drivers\chromedriver\chromedriver.exe
	at com.google.common.base.Preconditions.checkState(Preconditions.java:585)
	at org.openqa.selenium.remote.service.DriverService.checkExecutable(DriverService.java:146)
	at org.openqa.selenium.remote.service.DriverService.findExecutable(DriverService.java:141)
	at org.openqa.selenium.chrome.ChromeDriverService.access$000(ChromeDriverService.java:35)
	at org.openqa.selenium.chrome.ChromeDriverService$Builder.findDefaultExecutable(ChromeDriverService.java:159)
	at org.openqa.selenium.remote.service.DriverService$Builder.build(DriverService.java:355)
	at org.openqa.selenium.chrome.ChromeDriverService.createDefaultService(ChromeDriverService.java:94)
	at org.openqa.selenium.chrome.ChromeDriver.&lt;init&gt;(ChromeDriver.java:123)
	at org.apache.maven.archetypes.nopcommerceApp.TestBase.setup(TestBase.java:51)
	at java.base/java.util.ArrayList.forEach(ArrayList.java:1541)
... Removed 29 stack frames</div></td></tr></table><p class="totop"><a href="#summary">back to summary</a></p>
<h3 id="m10">org.apache.maven.archetypes.nopcommerceApp.TestDeleteSearchedProduct#setup</h3><table class="result"><tr class="param"><th>Parameter #1</th></tr><tr class="param stripe"><td>chrome</td></tr><tr><th>Exception</th></tr><tr><td><div class="stacktrace">java.lang.IllegalStateException: The driver executable does not exist: /Users/pakinamnoureldeen/Downloads/nopcommerceApp-master/./Drivers\chromedriver\chromedriver.exe
	at com.google.common.base.Preconditions.checkState(Preconditions.java:585)
	at org.openqa.selenium.remote.service.DriverService.checkExecutable(DriverService.java:146)
	at org.openqa.selenium.remote.service.DriverService.findExecutable(DriverService.java:141)
	at org.openqa.selenium.chrome.ChromeDriverService.access$000(ChromeDriverService.java:35)
	at org.openqa.selenium.chrome.ChromeDriverService$Builder.findDefaultExecutable(ChromeDriverService.java:159)
	at org.openqa.selenium.remote.service.DriverService$Builder.build(DriverService.java:355)
	at org.openqa.selenium.chrome.ChromeDriverService.createDefaultService(ChromeDriverService.java:94)
	at org.openqa.selenium.chrome.ChromeDriver.&lt;init&gt;(ChromeDriver.java:123)
	at org.apache.maven.archetypes.nopcommerceApp.TestBase.setup(TestBase.java:51)
	at java.base/java.util.ArrayList.forEach(ArrayList.java:1541)
... Removed 29 stack frames</div></td></tr></table><p class="totop"><a href="#summary">back to summary</a></p>
<h3 id="m11">org.apache.maven.archetypes.nopcommerceApp.TestEditSearchedProduct#setup</h3><table class="result"><tr class="param"><th>Parameter #1</th></tr><tr class="param stripe"><td>chrome</td></tr><tr><th>Exception</th></tr><tr><td><div class="stacktrace">java.lang.IllegalStateException: The driver executable does not exist: /Users/pakinamnoureldeen/Downloads/nopcommerceApp-master/./Drivers\chromedriver\chromedriver.exe
	at com.google.common.base.Preconditions.checkState(Preconditions.java:585)
	at org.openqa.selenium.remote.service.DriverService.checkExecutable(DriverService.java:146)
	at org.openqa.selenium.remote.service.DriverService.findExecutable(DriverService.java:141)
	at org.openqa.selenium.chrome.ChromeDriverService.access$000(ChromeDriverService.java:35)
	at org.openqa.selenium.chrome.ChromeDriverService$Builder.findDefaultExecutable(ChromeDriverService.java:159)
	at org.openqa.selenium.remote.service.DriverService$Builder.build(DriverService.java:355)
	at org.openqa.selenium.chrome.ChromeDriverService.createDefaultService(ChromeDriverService.java:94)
	at org.openqa.selenium.chrome.ChromeDriver.&lt;init&gt;(ChromeDriver.java:123)
	at org.apache.maven.archetypes.nopcommerceApp.TestBase.setup(TestBase.java:51)
	at java.base/java.util.ArrayList.forEach(ArrayList.java:1541)
... Removed 29 stack frames</div></td></tr></table><p class="totop"><a href="#summary">back to summary</a></p>
<h3 id="m12">org.apache.maven.archetypes.nopcommerceApp.TestSearchProductByName#setup</h3><table class="result"><tr class="param"><th>Parameter #1</th></tr><tr class="param stripe"><td>chrome</td></tr><tr><th>Exception</th></tr><tr><td><div class="stacktrace">java.lang.IllegalStateException: The driver executable does not exist: /Users/pakinamnoureldeen/Downloads/nopcommerceApp-master/./Drivers\chromedriver\chromedriver.exe
	at com.google.common.base.Preconditions.checkState(Preconditions.java:585)
	at org.openqa.selenium.remote.service.DriverService.checkExecutable(DriverService.java:146)
	at org.openqa.selenium.remote.service.DriverService.findExecutable(DriverService.java:141)
	at org.openqa.selenium.chrome.ChromeDriverService.access$000(ChromeDriverService.java:35)
	at org.openqa.selenium.chrome.ChromeDriverService$Builder.findDefaultExecutable(ChromeDriverService.java:159)
	at org.openqa.selenium.remote.service.DriverService$Builder.build(DriverService.java:355)
	at org.openqa.selenium.chrome.ChromeDriverService.createDefaultService(ChromeDriverService.java:94)
	at org.openqa.selenium.chrome.ChromeDriver.&lt;init&gt;(ChromeDriver.java:123)
	at org.apache.maven.archetypes.nopcommerceApp.TestBase.setup(TestBase.java:51)
	at java.base/java.util.ArrayList.forEach(ArrayList.java:1541)
... Removed 29 stack frames</div></td></tr></table><p class="totop"><a href="#summary">back to summary</a></p>
<h3 id="m13">org.apache.maven.archetypes.nopcommerceApp.TestSearchProductByType#setup</h3><table class="result"><tr class="param"><th>Parameter #1</th></tr><tr class="param stripe"><td>chrome</td></tr><tr><th>Exception</th></tr><tr><td><div class="stacktrace">java.lang.IllegalStateException: The driver executable does not exist: /Users/pakinamnoureldeen/Downloads/nopcommerceApp-master/./Drivers\chromedriver\chromedriver.exe
	at com.google.common.base.Preconditions.checkState(Preconditions.java:585)
	at org.openqa.selenium.remote.service.DriverService.checkExecutable(DriverService.java:146)
	at org.openqa.selenium.remote.service.DriverService.findExecutable(DriverService.java:141)
	at org.openqa.selenium.chrome.ChromeDriverService.access$000(ChromeDriverService.java:35)
	at org.openqa.selenium.chrome.ChromeDriverService$Builder.findDefaultExecutable(ChromeDriverService.java:159)
	at org.openqa.selenium.remote.service.DriverService$Builder.build(DriverService.java:355)
	at org.openqa.selenium.chrome.ChromeDriverService.createDefaultService(ChromeDriverService.java:94)
	at org.openqa.selenium.chrome.ChromeDriver.&lt;init&gt;(ChromeDriver.java:123)
	at org.apache.maven.archetypes.nopcommerceApp.TestBase.setup(TestBase.java:51)
	at java.base/java.util.ArrayList.forEach(ArrayList.java:1541)
... Removed 29 stack frames</div></td></tr></table><p class="totop"><a href="#summary">back to summary</a></p>
<h3 id="m14">org.apache.maven.archetypes.nopcommerceApp.ClearAllProductsTest#afterMethod</h3><table class="result"><tr><th class="invisible"/></tr></table><p class="totop"><a href="#summary">back to summary</a></p>
<h3 id="m15">org.apache.maven.archetypes.nopcommerceApp.ClearAllProductsTest#beforeMethod</h3><table class="result"><tr><th class="invisible"/></tr></table><p class="totop"><a href="#summary">back to summary</a></p>
<h3 id="m16">org.apache.maven.archetypes.nopcommerceApp.ClearAllProductsTest#tearDown</h3><table class="result"><tr><th class="invisible"/></tr></table><p class="totop"><a href="#summary">back to summary</a></p>
<h3 id="m17">org.apache.maven.archetypes.nopcommerceApp.TestAddProduct#afterMethod</h3><table class="result"><tr><th class="invisible"/></tr></table><p class="totop"><a href="#summary">back to summary</a></p>
<h3 id="m18">org.apache.maven.archetypes.nopcommerceApp.TestAddProduct#beforeMethod</h3><table class="result"><tr><th class="invisible"/></tr></table><p class="totop"><a href="#summary">back to summary</a></p>
<h3 id="m19">org.apache.maven.archetypes.nopcommerceApp.TestAddProduct#tearDown</h3><table class="result"><tr><th class="invisible"/></tr></table><p class="totop"><a href="#summary">back to summary</a></p>
<h3 id="m20">org.apache.maven.archetypes.nopcommerceApp.TestDeleteSearchedProduct#afterMethod</h3><table class="result"><tr><th class="invisible"/></tr></table><p class="totop"><a href="#summary">back to summary</a></p>
<h3 id="m21">org.apache.maven.archetypes.nopcommerceApp.TestDeleteSearchedProduct#beforeMethod</h3><table class="result"><tr><th class="invisible"/></tr></table><p class="totop"><a href="#summary">back to summary</a></p>
<h3 id="m22">org.apache.maven.archetypes.nopcommerceApp.TestDeleteSearchedProduct#tearDown</h3><table class="result"><tr><th class="invisible"/></tr></table><p class="totop"><a href="#summary">back to summary</a></p>
<h3 id="m23">org.apache.maven.archetypes.nopcommerceApp.TestEditSearchedProduct#afterMethod</h3><table class="result"><tr><th class="invisible"/></tr></table><p class="totop"><a href="#summary">back to summary</a></p>
<h3 id="m24">org.apache.maven.archetypes.nopcommerceApp.TestEditSearchedProduct#beforeMethod</h3><table class="result"><tr><th class="invisible"/></tr></table><p class="totop"><a href="#summary">back to summary</a></p>
<h3 id="m25">org.apache.maven.archetypes.nopcommerceApp.TestEditSearchedProduct#tearDown</h3><table class="result"><tr><th class="invisible"/></tr></table><p class="totop"><a href="#summary">back to summary</a></p>
<h3 id="m26">org.apache.maven.archetypes.nopcommerceApp.TestSearchProductByName#afterMethod</h3><table class="result"><tr><th class="invisible"/></tr></table><p class="totop"><a href="#summary">back to summary</a></p>
<h3 id="m27">org.apache.maven.archetypes.nopcommerceApp.TestSearchProductByName#beforeMethod</h3><table class="result"><tr><th class="invisible"/></tr></table><p class="totop"><a href="#summary">back to summary</a></p>
<h3 id="m28">org.apache.maven.archetypes.nopcommerceApp.TestSearchProductByName#tearDown</h3><table class="result"><tr><th class="invisible"/></tr></table><p class="totop"><a href="#summary">back to summary</a></p>
<h3 id="m29">org.apache.maven.archetypes.nopcommerceApp.TestSearchProductByType#afterMethod</h3><table class="result"><tr><th class="invisible"/></tr></table><p class="totop"><a href="#summary">back to summary</a></p>
<h3 id="m30">org.apache.maven.archetypes.nopcommerceApp.TestSearchProductByType#beforeClass</h3><table class="result"><tr><th class="invisible"/></tr></table><p class="totop"><a href="#summary">back to summary</a></p>
<h3 id="m31">org.apache.maven.archetypes.nopcommerceApp.TestSearchProductByType#tearDown</h3><table class="result"><tr><th class="invisible"/></tr></table><p class="totop"><a href="#summary">back to summary</a></p>
<h3 id="m32">org.apache.maven.archetypes.nopcommerceApp.ClearAllProductsTest#test_IfAllTheChosenProductsCanBeDeletedWhenPressingDeleteButton</h3><table class="result"><tr><th>Exception</th></tr><tr><td><div class="stacktrace">java.lang.IllegalStateException: The driver executable does not exist: /Users/pakinamnoureldeen/Downloads/nopcommerceApp-master/./Drivers\chromedriver\chromedriver.exe
	at com.google.common.base.Preconditions.checkState(Preconditions.java:585)
	at org.openqa.selenium.remote.service.DriverService.checkExecutable(DriverService.java:146)
	at org.openqa.selenium.remote.service.DriverService.findExecutable(DriverService.java:141)
	at org.openqa.selenium.chrome.ChromeDriverService.access$000(ChromeDriverService.java:35)
	at org.openqa.selenium.chrome.ChromeDriverService$Builder.findDefaultExecutable(ChromeDriverService.java:159)
	at org.openqa.selenium.remote.service.DriverService$Builder.build(DriverService.java:355)
	at org.openqa.selenium.chrome.ChromeDriverService.createDefaultService(ChromeDriverService.java:94)
	at org.openqa.selenium.chrome.ChromeDriver.&lt;init&gt;(ChromeDriver.java:123)
	at org.apache.maven.archetypes.nopcommerceApp.TestBase.setup(TestBase.java:51)
	at java.base/java.util.ArrayList.forEach(ArrayList.java:1541)
... Removed 29 stack frames</div></td></tr></table><p class="totop"><a href="#summary">back to summary</a></p>
<h3 id="m33">org.apache.maven.archetypes.nopcommerceApp.TestAddProduct#test_AddProduct</h3><table class="result"><tr><th>Exception</th></tr><tr><td><div class="stacktrace">java.lang.IllegalStateException: The driver executable does not exist: /Users/pakinamnoureldeen/Downloads/nopcommerceApp-master/./Drivers\chromedriver\chromedriver.exe
	at com.google.common.base.Preconditions.checkState(Preconditions.java:585)
	at org.openqa.selenium.remote.service.DriverService.checkExecutable(DriverService.java:146)
	at org.openqa.selenium.remote.service.DriverService.findExecutable(DriverService.java:141)
	at org.openqa.selenium.chrome.ChromeDriverService.access$000(ChromeDriverService.java:35)
	at org.openqa.selenium.chrome.ChromeDriverService$Builder.findDefaultExecutable(ChromeDriverService.java:159)
	at org.openqa.selenium.remote.service.DriverService$Builder.build(DriverService.java:355)
	at org.openqa.selenium.chrome.ChromeDriverService.createDefaultService(ChromeDriverService.java:94)
	at org.openqa.selenium.chrome.ChromeDriver.&lt;init&gt;(ChromeDriver.java:123)
	at org.apache.maven.archetypes.nopcommerceApp.TestBase.setup(TestBase.java:51)
	at java.base/java.util.ArrayList.forEach(ArrayList.java:1541)
... Removed 29 stack frames</div></td></tr></table><p class="totop"><a href="#summary">back to summary</a></p>
<h3 id="m34">org.apache.maven.archetypes.nopcommerceApp.TestDeleteSearchedProduct#test_IfSearchedProductWasDeletedAfterPressingDeleteButton</h3><table class="result"><tr><th>Exception</th></tr><tr><td><div class="stacktrace">java.lang.IllegalStateException: The driver executable does not exist: /Users/pakinamnoureldeen/Downloads/nopcommerceApp-master/./Drivers\chromedriver\chromedriver.exe
	at com.google.common.base.Preconditions.checkState(Preconditions.java:585)
	at org.openqa.selenium.remote.service.DriverService.checkExecutable(DriverService.java:146)
	at org.openqa.selenium.remote.service.DriverService.findExecutable(DriverService.java:141)
	at org.openqa.selenium.chrome.ChromeDriverService.access$000(ChromeDriverService.java:35)
	at org.openqa.selenium.chrome.ChromeDriverService$Builder.findDefaultExecutable(ChromeDriverService.java:159)
	at org.openqa.selenium.remote.service.DriverService$Builder.build(DriverService.java:355)
	at org.openqa.selenium.chrome.ChromeDriverService.createDefaultService(ChromeDriverService.java:94)
	at org.openqa.selenium.chrome.ChromeDriver.&lt;init&gt;(ChromeDriver.java:123)
	at org.apache.maven.archetypes.nopcommerceApp.TestBase.setup(TestBase.java:51)
	at java.base/java.util.ArrayList.forEach(ArrayList.java:1541)
... Removed 29 stack frames</div></td></tr></table><p class="totop"><a href="#summary">back to summary</a></p>
<h3 id="m35">org.apache.maven.archetypes.nopcommerceApp.TestEditSearchedProduct#test_ifTheSearchedProductUpdatedAfterEditing</h3><table class="result"><tr><th>Exception</th></tr><tr><td><div class="stacktrace">java.lang.IllegalStateException: The driver executable does not exist: /Users/pakinamnoureldeen/Downloads/nopcommerceApp-master/./Drivers\chromedriver\chromedriver.exe
	at com.google.common.base.Preconditions.checkState(Preconditions.java:585)
	at org.openqa.selenium.remote.service.DriverService.checkExecutable(DriverService.java:146)
	at org.openqa.selenium.remote.service.DriverService.findExecutable(DriverService.java:141)
	at org.openqa.selenium.chrome.ChromeDriverService.access$000(ChromeDriverService.java:35)
	at org.openqa.selenium.chrome.ChromeDriverService$Builder.findDefaultExecutable(ChromeDriverService.java:159)
	at org.openqa.selenium.remote.service.DriverService$Builder.build(DriverService.java:355)
	at org.openqa.selenium.chrome.ChromeDriverService.createDefaultService(ChromeDriverService.java:94)
	at org.openqa.selenium.chrome.ChromeDriver.&lt;init&gt;(ChromeDriver.java:123)
	at org.apache.maven.archetypes.nopcommerceApp.TestBase.setup(TestBase.java:51)
	at java.base/java.util.ArrayList.forEach(ArrayList.java:1541)
... Removed 29 stack frames</div></td></tr></table><p class="totop"><a href="#summary">back to summary</a></p>
<h3 id="m36">org.apache.maven.archetypes.nopcommerceApp.TestSearchProductByName#test_searchByProductName</h3><table class="result"><tr><th>Exception</th></tr><tr><td><div class="stacktrace">java.lang.IllegalStateException: The driver executable does not exist: /Users/pakinamnoureldeen/Downloads/nopcommerceApp-master/./Drivers\chromedriver\chromedriver.exe
	at com.google.common.base.Preconditions.checkState(Preconditions.java:585)
	at org.openqa.selenium.remote.service.DriverService.checkExecutable(DriverService.java:146)
	at org.openqa.selenium.remote.service.DriverService.findExecutable(DriverService.java:141)
	at org.openqa.selenium.chrome.ChromeDriverService.access$000(ChromeDriverService.java:35)
	at org.openqa.selenium.chrome.ChromeDriverService$Builder.findDefaultExecutable(ChromeDriverService.java:159)
	at org.openqa.selenium.remote.service.DriverService$Builder.build(DriverService.java:355)
	at org.openqa.selenium.chrome.ChromeDriverService.createDefaultService(ChromeDriverService.java:94)
	at org.openqa.selenium.chrome.ChromeDriver.&lt;init&gt;(ChromeDriver.java:123)
	at org.apache.maven.archetypes.nopcommerceApp.TestBase.setup(TestBase.java:51)
	at java.base/java.util.ArrayList.forEach(ArrayList.java:1541)
... Removed 29 stack frames</div></td></tr></table><p class="totop"><a href="#summary">back to summary</a></p>
<h3 id="m37">org.apache.maven.archetypes.nopcommerceApp.TestSearchProductByType#test_searchProductByType</h3><table class="result"><tr><th>Exception</th></tr><tr><td><div class="stacktrace">java.lang.IllegalStateException: The driver executable does not exist: /Users/pakinamnoureldeen/Downloads/nopcommerceApp-master/./Drivers\chromedriver\chromedriver.exe
	at com.google.common.base.Preconditions.checkState(Preconditions.java:585)
	at org.openqa.selenium.remote.service.DriverService.checkExecutable(DriverService.java:146)
	at org.openqa.selenium.remote.service.DriverService.findExecutable(DriverService.java:141)
	at org.openqa.selenium.chrome.ChromeDriverService.access$000(ChromeDriverService.java:35)
	at org.openqa.selenium.chrome.ChromeDriverService$Builder.findDefaultExecutable(ChromeDriverService.java:159)
	at org.openqa.selenium.remote.service.DriverService$Builder.build(DriverService.java:355)
	at org.openqa.selenium.chrome.ChromeDriverService.createDefaultService(ChromeDriverService.java:94)
	at org.openqa.selenium.chrome.ChromeDriver.&lt;init&gt;(ChromeDriver.java:123)
	at org.apache.maven.archetypes.nopcommerceApp.TestBase.setup(TestBase.java:51)
	at java.base/java.util.ArrayList.forEach(ArrayList.java:1541)
... Removed 29 stack frames</div></td></tr></table><p class="totop"><a href="#summary">back to summary</a></p>
<h2>Manufacturers Tests</h2><h3 id="m38">org.apache.maven.archetypes.nopcommerceApp.TestAddManufacturer#setup</h3><table class="result"><tr class="param"><th>Parameter #1</th></tr><tr class="param stripe"><td>chrome</td></tr><tr><th>Exception</th></tr><tr><td><div class="stacktrace">java.lang.IllegalStateException: The driver executable does not exist: /Users/pakinamnoureldeen/Downloads/nopcommerceApp-master/./Drivers\chromedriver\chromedriver.exe
	at com.google.common.base.Preconditions.checkState(Preconditions.java:585)
	at org.openqa.selenium.remote.service.DriverService.checkExecutable(DriverService.java:146)
	at org.openqa.selenium.remote.service.DriverService.findExecutable(DriverService.java:141)
	at org.openqa.selenium.chrome.ChromeDriverService.access$000(ChromeDriverService.java:35)
	at org.openqa.selenium.chrome.ChromeDriverService$Builder.findDefaultExecutable(ChromeDriverService.java:159)
	at org.openqa.selenium.remote.service.DriverService$Builder.build(DriverService.java:355)
	at org.openqa.selenium.chrome.ChromeDriverService.createDefaultService(ChromeDriverService.java:94)
	at org.openqa.selenium.chrome.ChromeDriver.&lt;init&gt;(ChromeDriver.java:123)
	at org.apache.maven.archetypes.nopcommerceApp.TestBase.setup(TestBase.java:51)
	at java.base/java.util.ArrayList.forEach(ArrayList.java:1541)
... Removed 29 stack frames</div></td></tr></table><p class="totop"><a href="#summary">back to summary</a></p>
<h3 id="m39">org.apache.maven.archetypes.nopcommerceApp.TestAddManufacturer#afterMethod</h3><table class="result"><tr><th class="invisible"/></tr></table><p class="totop"><a href="#summary">back to summary</a></p>
<h3 id="m40">org.apache.maven.archetypes.nopcommerceApp.TestAddManufacturer#beforeMethod</h3><table class="result"><tr><th class="invisible"/></tr></table><p class="totop"><a href="#summary">back to summary</a></p>
<h3 id="m41">org.apache.maven.archetypes.nopcommerceApp.TestAddManufacturer#tearDown</h3><table class="result"><tr><th class="invisible"/></tr></table><p class="totop"><a href="#summary">back to summary</a></p>
<h3 id="m42">org.apache.maven.archetypes.nopcommerceApp.TestAddManufacturer#test_addManufacturer</h3><table class="result"><tr><th>Exception</th></tr><tr><td><div class="stacktrace">java.lang.IllegalStateException: The driver executable does not exist: /Users/pakinamnoureldeen/Downloads/nopcommerceApp-master/./Drivers\chromedriver\chromedriver.exe
	at com.google.common.base.Preconditions.checkState(Preconditions.java:585)
	at org.openqa.selenium.remote.service.DriverService.checkExecutable(DriverService.java:146)
	at org.openqa.selenium.remote.service.DriverService.findExecutable(DriverService.java:141)
	at org.openqa.selenium.chrome.ChromeDriverService.access$000(ChromeDriverService.java:35)
	at org.openqa.selenium.chrome.ChromeDriverService$Builder.findDefaultExecutable(ChromeDriverService.java:159)
	at org.openqa.selenium.remote.service.DriverService$Builder.build(DriverService.java:355)
	at org.openqa.selenium.chrome.ChromeDriverService.createDefaultService(ChromeDriverService.java:94)
	at org.openqa.selenium.chrome.ChromeDriver.&lt;init&gt;(ChromeDriver.java:123)
	at org.apache.maven.archetypes.nopcommerceApp.TestBase.setup(TestBase.java:51)
	at java.base/java.util.ArrayList.forEach(ArrayList.java:1541)
... Removed 29 stack frames</div></td></tr></table><p class="totop"><a href="#summary">back to summary</a></p>
</body>
</html>
