<!DOCTYPE html>

<html>
  <head>
  <meta charset='utf-8'>
  <title>TestNG reports</title>

    <link type="text/css" href="testng-reports.css" rel="stylesheet" />
    <script type="text/javascript" src="jquery-3.4.1.min.js"></script>
    <script type="text/javascript" src="testng-reports.js"></script>
    <script type="text/javascript" src="https://www.google.com/jsapi"></script>
    <script type='text/javascript'>
      google.load('visualization', '1', {packages:['table']});
      google.setOnLoadCallback(drawTable);
      var suiteTableInitFunctions = new Array();
      var suiteTableData = new Array();
    </script>
    <!--
      <script type="text/javascript" src="jquery-ui/js/jquery-ui-1.8.16.custom.min.js"></script>
     -->
  </head>

  <body>
    <div class="top-banner-root">
      <span class="top-banner-title-font">Test results</span>
      <br/>
      <span class="top-banner-font-1">1 suite</span>
    </div> <!-- top-banner-root -->
    <div class="navigator-root">
      <div class="navigator-suite-header">
        <span>All suites</span>
        <a href="#" title="Collapse/expand all the suites" class="collapse-all-link">
          <img src="collapseall.gif" class="collapse-all-icon">
          </img> <!-- collapse-all-icon -->
        </a> <!-- collapse-all-link -->
      </div> <!-- navigator-suite-header -->
      <div class="suite">
        <div class="rounded-window">
          <div class="suite-header light-rounded-window-top">
            <a href="#" panel-name="suite-nopCommerce_Test_Suite" class="navigator-link">
              <span class="suite-name border-skipped">nopCommerce Test Suite</span>
            </a> <!-- navigator-link -->
          </div> <!-- suite-header light-rounded-window-top -->
          <div class="navigator-suite-content">
            <div class="suite-section-title">
              <span>Info</span>
            </div> <!-- suite-section-title -->
            <div class="suite-section-content">
              <ul>
                <li>
                  <a href="#" panel-name="test-xml-nopCommerce_Test_Suite" class="navigator-link ">
                    <span>testng.xml</span>
                  </a> <!-- navigator-link  -->
                </li>
                <li>
                  <a href="#" panel-name="testlist-nopCommerce_Test_Suite" class="navigator-link ">
                    <span class="test-stats">3 tests</span>
                  </a> <!-- navigator-link  -->
                </li>
                <li>
                  <a href="#" panel-name="group-nopCommerce_Test_Suite" class="navigator-link ">
                    <span>0 groups</span>
                  </a> <!-- navigator-link  -->
                </li>
                <li>
                  <a href="#" panel-name="times-nopCommerce_Test_Suite" class="navigator-link ">
                    <span>Times</span>
                  </a> <!-- navigator-link  -->
                </li>
                <li>
                  <a href="#" panel-name="reporter-nopCommerce_Test_Suite" class="navigator-link ">
                    <span>Reporter output</span>
                  </a> <!-- navigator-link  -->
                </li>
                <li>
                  <a href="#" panel-name="ignored-methods-nopCommerce_Test_Suite" class="navigator-link ">
                    <span>Ignored methods</span>
                  </a> <!-- navigator-link  -->
                </li>
                <li>
                  <a href="#" panel-name="chronological-nopCommerce_Test_Suite" class="navigator-link ">
                    <span>Chronological view</span>
                  </a> <!-- navigator-link  -->
                </li>
              </ul>
            </div> <!-- suite-section-content -->
            <div class="result-section">
              <div class="suite-section-title">
                <span>Results</span>
              </div> <!-- suite-section-title -->
              <div class="suite-section-content">
                <ul>
                  <li>
                    <span class="method-stats">9 methods,  9 skipped,  </span>
                  </li>
                  <li>
                    <span class="method-list-title skipped">Skipped methods</span>
                    <span class="show-or-hide-methods skipped">
                      <a href="#" panel-name="suite-nopCommerce_Test_Suite" class="hide-methods skipped suite-nopCommerce_Test_Suite"> (hide)</a> <!-- hide-methods skipped suite-nopCommerce_Test_Suite -->
                      <a href="#" panel-name="suite-nopCommerce_Test_Suite" class="show-methods skipped suite-nopCommerce_Test_Suite"> (show)</a> <!-- show-methods skipped suite-nopCommerce_Test_Suite -->
                    </span>
                    <div class="method-list-content skipped suite-nopCommerce_Test_Suite">
                      <span>
                        <img src="skipped.png" width="3%"/>
                        <a href="#" panel-name="suite-nopCommerce_Test_Suite" title="org.apache.maven.archetypes.nopcommerceApp.DDTestLogin" class="method navigator-link" hash-for-method="ddt_test_login">ddt_test_login</a> <!-- method navigator-link -->
                      </span>
                      <br/>
                      <span>
                        <img src="skipped.png" width="3%"/>
                        <a href="#" panel-name="suite-nopCommerce_Test_Suite" title="org.apache.maven.archetypes.nopcommerceApp.TestAddProduct" class="method navigator-link" hash-for-method="test_AddProduct">test_AddProduct</a> <!-- method navigator-link -->
                      </span>
                      <br/>
                      <span>
                        <img src="skipped.png" width="3%"/>
                        <a href="#" panel-name="suite-nopCommerce_Test_Suite" title="org.apache.maven.archetypes.nopcommerceApp.ClearAllProductsTest" class="method navigator-link" hash-for-method="test_IfAllTheChosenProductsCanBeDeletedWhenPressingDeleteButton">test_IfAllTheChosenProductsCanBeDeletedWhenPressingDeleteButton</a> <!-- method navigator-link -->
                      </span>
                      <br/>
                      <span>
                        <img src="skipped.png" width="3%"/>
                        <a href="#" panel-name="suite-nopCommerce_Test_Suite" title="org.apache.maven.archetypes.nopcommerceApp.TestDeleteSearchedProduct" class="method navigator-link" hash-for-method="test_IfSearchedProductWasDeletedAfterPressingDeleteButton">test_IfSearchedProductWasDeletedAfterPressingDeleteButton</a> <!-- method navigator-link -->
                      </span>
                      <br/>
                      <span>
                        <img src="skipped.png" width="3%"/>
                        <a href="#" panel-name="suite-nopCommerce_Test_Suite" title="org.apache.maven.archetypes.nopcommerceApp.TestAddManufacturer" class="method navigator-link" hash-for-method="test_addManufacturer">test_addManufacturer</a> <!-- method navigator-link -->
                      </span>
                      <br/>
                      <span>
                        <img src="skipped.png" width="3%"/>
                        <a href="#" panel-name="suite-nopCommerce_Test_Suite" title="org.apache.maven.archetypes.nopcommerceApp.TestEditSearchedProduct" class="method navigator-link" hash-for-method="test_ifTheSearchedProductUpdatedAfterEditing">test_ifTheSearchedProductUpdatedAfterEditing</a> <!-- method navigator-link -->
                      </span>
                      <br/>
                      <span>
                        <img src="skipped.png" width="3%"/>
                        <a href="#" panel-name="suite-nopCommerce_Test_Suite" title="org.apache.maven.archetypes.nopcommerceApp.TestLogin" class="method navigator-link" hash-for-method="test_login">test_login</a> <!-- method navigator-link -->
                      </span>
                      <br/>
                      <span>
                        <img src="skipped.png" width="3%"/>
                        <a href="#" panel-name="suite-nopCommerce_Test_Suite" title="org.apache.maven.archetypes.nopcommerceApp.TestSearchProductByName" class="method navigator-link" hash-for-method="test_searchByProductName">test_searchByProductName</a> <!-- method navigator-link -->
                      </span>
                      <br/>
                      <span>
                        <img src="skipped.png" width="3%"/>
                        <a href="#" panel-name="suite-nopCommerce_Test_Suite" title="org.apache.maven.archetypes.nopcommerceApp.TestSearchProductByType" class="method navigator-link" hash-for-method="test_searchProductByType">test_searchProductByType</a> <!-- method navigator-link -->
                      </span>
                      <br/>
                    </div> <!-- method-list-content skipped suite-nopCommerce_Test_Suite -->
                  </li>
                </ul>
              </div> <!-- suite-section-content -->
            </div> <!-- result-section -->
          </div> <!-- navigator-suite-content -->
        </div> <!-- rounded-window -->
      </div> <!-- suite -->
    </div> <!-- navigator-root -->
    <div class="wrapper">
      <div class="main-panel-root">
        <div panel-name="suite-nopCommerce_Test_Suite" class="panel nopCommerce_Test_Suite">
          <div class="suite-nopCommerce_Test_Suite-class-skipped">
            <div class="main-panel-header rounded-window-top">
              <img src="skipped.png"/>
              <span class="class-name">org.apache.maven.archetypes.nopcommerceApp.TestDeleteSearchedProduct</span>
            </div> <!-- main-panel-header rounded-window-top -->
            <div class="main-panel-content rounded-window-bottom">
              <div class="method">
                <div class="method-content">
                  <a name="test_IfSearchedProductWasDeletedAfterPressingDeleteButton">
                  </a> <!-- test_IfSearchedProductWasDeletedAfterPressingDeleteButton -->
                  <span class="method-name">test_IfSearchedProductWasDeletedAfterPressingDeleteButton</span>
                  <div class="stack-trace">java.lang.IllegalStateException: The driver executable does not exist: /Users/pakinamnoureldeen/Downloads/nopcommerceApp-master/./Drivers\chromedriver\chromedriver.exe
	at com.google.common.base.Preconditions.checkState(Preconditions.java:585)
	at org.openqa.selenium.remote.service.DriverService.checkExecutable(DriverService.java:146)
	at org.openqa.selenium.remote.service.DriverService.findExecutable(DriverService.java:141)
	at org.openqa.selenium.chrome.ChromeDriverService.access$000(ChromeDriverService.java:35)
	at org.openqa.selenium.chrome.ChromeDriverService$Builder.findDefaultExecutable(ChromeDriverService.java:159)
	at org.openqa.selenium.remote.service.DriverService$Builder.build(DriverService.java:355)
	at org.openqa.selenium.chrome.ChromeDriverService.createDefaultService(ChromeDriverService.java:94)
	at org.openqa.selenium.chrome.ChromeDriver.&lt;init&gt;(ChromeDriver.java:123)
	at org.apache.maven.archetypes.nopcommerceApp.TestBase.setup(TestBase.java:51)
	at java.base/java.util.ArrayList.forEach(ArrayList.java:1541)
... Removed 29 stack frames
</div> <!-- stack-trace -->
                </div> <!-- method-content -->
              </div> <!-- method -->
            </div> <!-- main-panel-content rounded-window-bottom -->
          </div> <!-- suite-nopCommerce_Test_Suite-class-skipped -->
          <div class="suite-nopCommerce_Test_Suite-class-skipped">
            <div class="main-panel-header rounded-window-top">
              <img src="skipped.png"/>
              <span class="class-name">org.apache.maven.archetypes.nopcommerceApp.TestSearchProductByName</span>
            </div> <!-- main-panel-header rounded-window-top -->
            <div class="main-panel-content rounded-window-bottom">
              <div class="method">
                <div class="method-content">
                  <a name="test_searchByProductName">
                  </a> <!-- test_searchByProductName -->
                  <span class="method-name">test_searchByProductName</span>
                  <div class="stack-trace">java.lang.IllegalStateException: The driver executable does not exist: /Users/pakinamnoureldeen/Downloads/nopcommerceApp-master/./Drivers\chromedriver\chromedriver.exe
	at com.google.common.base.Preconditions.checkState(Preconditions.java:585)
	at org.openqa.selenium.remote.service.DriverService.checkExecutable(DriverService.java:146)
	at org.openqa.selenium.remote.service.DriverService.findExecutable(DriverService.java:141)
	at org.openqa.selenium.chrome.ChromeDriverService.access$000(ChromeDriverService.java:35)
	at org.openqa.selenium.chrome.ChromeDriverService$Builder.findDefaultExecutable(ChromeDriverService.java:159)
	at org.openqa.selenium.remote.service.DriverService$Builder.build(DriverService.java:355)
	at org.openqa.selenium.chrome.ChromeDriverService.createDefaultService(ChromeDriverService.java:94)
	at org.openqa.selenium.chrome.ChromeDriver.&lt;init&gt;(ChromeDriver.java:123)
	at org.apache.maven.archetypes.nopcommerceApp.TestBase.setup(TestBase.java:51)
	at java.base/java.util.ArrayList.forEach(ArrayList.java:1541)
... Removed 29 stack frames
</div> <!-- stack-trace -->
                </div> <!-- method-content -->
              </div> <!-- method -->
            </div> <!-- main-panel-content rounded-window-bottom -->
          </div> <!-- suite-nopCommerce_Test_Suite-class-skipped -->
          <div class="suite-nopCommerce_Test_Suite-class-skipped">
            <div class="main-panel-header rounded-window-top">
              <img src="skipped.png"/>
              <span class="class-name">org.apache.maven.archetypes.nopcommerceApp.TestEditSearchedProduct</span>
            </div> <!-- main-panel-header rounded-window-top -->
            <div class="main-panel-content rounded-window-bottom">
              <div class="method">
                <div class="method-content">
                  <a name="test_ifTheSearchedProductUpdatedAfterEditing">
                  </a> <!-- test_ifTheSearchedProductUpdatedAfterEditing -->
                  <span class="method-name">test_ifTheSearchedProductUpdatedAfterEditing</span>
                  <div class="stack-trace">java.lang.IllegalStateException: The driver executable does not exist: /Users/pakinamnoureldeen/Downloads/nopcommerceApp-master/./Drivers\chromedriver\chromedriver.exe
	at com.google.common.base.Preconditions.checkState(Preconditions.java:585)
	at org.openqa.selenium.remote.service.DriverService.checkExecutable(DriverService.java:146)
	at org.openqa.selenium.remote.service.DriverService.findExecutable(DriverService.java:141)
	at org.openqa.selenium.chrome.ChromeDriverService.access$000(ChromeDriverService.java:35)
	at org.openqa.selenium.chrome.ChromeDriverService$Builder.findDefaultExecutable(ChromeDriverService.java:159)
	at org.openqa.selenium.remote.service.DriverService$Builder.build(DriverService.java:355)
	at org.openqa.selenium.chrome.ChromeDriverService.createDefaultService(ChromeDriverService.java:94)
	at org.openqa.selenium.chrome.ChromeDriver.&lt;init&gt;(ChromeDriver.java:123)
	at org.apache.maven.archetypes.nopcommerceApp.TestBase.setup(TestBase.java:51)
	at java.base/java.util.ArrayList.forEach(ArrayList.java:1541)
... Removed 29 stack frames
</div> <!-- stack-trace -->
                </div> <!-- method-content -->
              </div> <!-- method -->
            </div> <!-- main-panel-content rounded-window-bottom -->
          </div> <!-- suite-nopCommerce_Test_Suite-class-skipped -->
          <div class="suite-nopCommerce_Test_Suite-class-skipped">
            <div class="main-panel-header rounded-window-top">
              <img src="skipped.png"/>
              <span class="class-name">org.apache.maven.archetypes.nopcommerceApp.TestLogin</span>
            </div> <!-- main-panel-header rounded-window-top -->
            <div class="main-panel-content rounded-window-bottom">
              <div class="method">
                <div class="method-content">
                  <a name="test_login">
                  </a> <!-- test_login -->
                  <span class="method-name">test_login</span>
                  <div class="stack-trace">org.openqa.selenium.WebDriverException: Cannot find firefox binary in PATH. Make sure firefox is installed. OS appears to be: MAC
Build info: version: &apos;3.141.59&apos;, revision: &apos;e82be7d358&apos;, time: &apos;2018-11-14T08:17:03&apos;
System info: host: &apos;Pakinams-MacBook-Air.local&apos;, ip: &apos;fd58:d759:8a5a:d000:cd:fa8:6839:81b4%en0&apos;, os.name: &apos;Mac OS X&apos;, os.arch: &apos;x86_64&apos;, os.version: &apos;11.2&apos;, java.version: &apos;11.0.13&apos;
Driver info: driver.version: FirefoxDriver
	at org.openqa.selenium.firefox.FirefoxBinary.&lt;init&gt;(FirefoxBinary.java:100)
	at java.base/java.util.Optional.orElseGet(Optional.java:369)
	at org.openqa.selenium.firefox.FirefoxOptions.getBinary(FirefoxOptions.java:216)
	at org.openqa.selenium.firefox.FirefoxDriver.toExecutor(FirefoxDriver.java:187)
	at org.openqa.selenium.firefox.FirefoxDriver.&lt;init&gt;(FirefoxDriver.java:147)
	at org.openqa.selenium.firefox.FirefoxDriver.&lt;init&gt;(FirefoxDriver.java:125)
	at org.apache.maven.archetypes.nopcommerceApp.TestBase.setup(TestBase.java:56)
	at java.base/java.util.ArrayList.forEach(ArrayList.java:1541)
... Removed 29 stack frames
</div> <!-- stack-trace -->
                </div> <!-- method-content -->
              </div> <!-- method -->
            </div> <!-- main-panel-content rounded-window-bottom -->
          </div> <!-- suite-nopCommerce_Test_Suite-class-skipped -->
          <div class="suite-nopCommerce_Test_Suite-class-skipped">
            <div class="main-panel-header rounded-window-top">
              <img src="skipped.png"/>
              <span class="class-name">org.apache.maven.archetypes.nopcommerceApp.TestAddProduct</span>
            </div> <!-- main-panel-header rounded-window-top -->
            <div class="main-panel-content rounded-window-bottom">
              <div class="method">
                <div class="method-content">
                  <a name="test_AddProduct">
                  </a> <!-- test_AddProduct -->
                  <span class="method-name">test_AddProduct</span>
                  <div class="stack-trace">java.lang.IllegalStateException: The driver executable does not exist: /Users/pakinamnoureldeen/Downloads/nopcommerceApp-master/./Drivers\chromedriver\chromedriver.exe
	at com.google.common.base.Preconditions.checkState(Preconditions.java:585)
	at org.openqa.selenium.remote.service.DriverService.checkExecutable(DriverService.java:146)
	at org.openqa.selenium.remote.service.DriverService.findExecutable(DriverService.java:141)
	at org.openqa.selenium.chrome.ChromeDriverService.access$000(ChromeDriverService.java:35)
	at org.openqa.selenium.chrome.ChromeDriverService$Builder.findDefaultExecutable(ChromeDriverService.java:159)
	at org.openqa.selenium.remote.service.DriverService$Builder.build(DriverService.java:355)
	at org.openqa.selenium.chrome.ChromeDriverService.createDefaultService(ChromeDriverService.java:94)
	at org.openqa.selenium.chrome.ChromeDriver.&lt;init&gt;(ChromeDriver.java:123)
	at org.apache.maven.archetypes.nopcommerceApp.TestBase.setup(TestBase.java:51)
	at java.base/java.util.ArrayList.forEach(ArrayList.java:1541)
... Removed 29 stack frames
</div> <!-- stack-trace -->
                </div> <!-- method-content -->
              </div> <!-- method -->
            </div> <!-- main-panel-content rounded-window-bottom -->
          </div> <!-- suite-nopCommerce_Test_Suite-class-skipped -->
          <div class="suite-nopCommerce_Test_Suite-class-skipped">
            <div class="main-panel-header rounded-window-top">
              <img src="skipped.png"/>
              <span class="class-name">org.apache.maven.archetypes.nopcommerceApp.ClearAllProductsTest</span>
            </div> <!-- main-panel-header rounded-window-top -->
            <div class="main-panel-content rounded-window-bottom">
              <div class="method">
                <div class="method-content">
                  <a name="test_IfAllTheChosenProductsCanBeDeletedWhenPressingDeleteButton">
                  </a> <!-- test_IfAllTheChosenProductsCanBeDeletedWhenPressingDeleteButton -->
                  <span class="method-name">test_IfAllTheChosenProductsCanBeDeletedWhenPressingDeleteButton</span>
                  <div class="stack-trace">java.lang.IllegalStateException: The driver executable does not exist: /Users/pakinamnoureldeen/Downloads/nopcommerceApp-master/./Drivers\chromedriver\chromedriver.exe
	at com.google.common.base.Preconditions.checkState(Preconditions.java:585)
	at org.openqa.selenium.remote.service.DriverService.checkExecutable(DriverService.java:146)
	at org.openqa.selenium.remote.service.DriverService.findExecutable(DriverService.java:141)
	at org.openqa.selenium.chrome.ChromeDriverService.access$000(ChromeDriverService.java:35)
	at org.openqa.selenium.chrome.ChromeDriverService$Builder.findDefaultExecutable(ChromeDriverService.java:159)
	at org.openqa.selenium.remote.service.DriverService$Builder.build(DriverService.java:355)
	at org.openqa.selenium.chrome.ChromeDriverService.createDefaultService(ChromeDriverService.java:94)
	at org.openqa.selenium.chrome.ChromeDriver.&lt;init&gt;(ChromeDriver.java:123)
	at org.apache.maven.archetypes.nopcommerceApp.TestBase.setup(TestBase.java:51)
	at java.base/java.util.ArrayList.forEach(ArrayList.java:1541)
... Removed 29 stack frames
</div> <!-- stack-trace -->
                </div> <!-- method-content -->
              </div> <!-- method -->
            </div> <!-- main-panel-content rounded-window-bottom -->
          </div> <!-- suite-nopCommerce_Test_Suite-class-skipped -->
          <div class="suite-nopCommerce_Test_Suite-class-skipped">
            <div class="main-panel-header rounded-window-top">
              <img src="skipped.png"/>
              <span class="class-name">org.apache.maven.archetypes.nopcommerceApp.DDTestLogin</span>
            </div> <!-- main-panel-header rounded-window-top -->
            <div class="main-panel-content rounded-window-bottom">
              <div class="method">
                <div class="method-content">
                  <a name="ddt_test_login">
                  </a> <!-- ddt_test_login -->
                  <span class="method-name">ddt_test_login</span>
                  <div class="stack-trace">java.lang.RuntimeException: java.io.FileNotFoundException: .\testdata\testdata.json (No such file or directory)
	at java.base/java.util.ArrayList.forEach(ArrayList.java:1541)
Caused by: java.io.FileNotFoundException: .\testdata\testdata.json (No such file or directory)
	at java.base/java.io.FileInputStream.open0(Native Method)
	at java.base/java.io.FileInputStream.open(FileInputStream.java:219)
	at java.base/java.io.FileInputStream.&lt;init&gt;(FileInputStream.java:157)
	at java.base/java.io.FileInputStream.&lt;init&gt;(FileInputStream.java:112)
	at java.base/java.io.FileReader.&lt;init&gt;(FileReader.java:60)
	at org.apache.maven.archetypes.nopcommerceApp.DDTestLogin.readJson(DDTestLogin.java:132)
	... 29 more
... Removed 36 stack frames
</div> <!-- stack-trace -->
                </div> <!-- method-content -->
              </div> <!-- method -->
            </div> <!-- main-panel-content rounded-window-bottom -->
          </div> <!-- suite-nopCommerce_Test_Suite-class-skipped -->
          <div class="suite-nopCommerce_Test_Suite-class-skipped">
            <div class="main-panel-header rounded-window-top">
              <img src="skipped.png"/>
              <span class="class-name">org.apache.maven.archetypes.nopcommerceApp.TestSearchProductByType</span>
            </div> <!-- main-panel-header rounded-window-top -->
            <div class="main-panel-content rounded-window-bottom">
              <div class="method">
                <div class="method-content">
                  <a name="test_searchProductByType">
                  </a> <!-- test_searchProductByType -->
                  <span class="method-name">test_searchProductByType</span>
                  <div class="stack-trace">java.lang.IllegalStateException: The driver executable does not exist: /Users/pakinamnoureldeen/Downloads/nopcommerceApp-master/./Drivers\chromedriver\chromedriver.exe
	at com.google.common.base.Preconditions.checkState(Preconditions.java:585)
	at org.openqa.selenium.remote.service.DriverService.checkExecutable(DriverService.java:146)
	at org.openqa.selenium.remote.service.DriverService.findExecutable(DriverService.java:141)
	at org.openqa.selenium.chrome.ChromeDriverService.access$000(ChromeDriverService.java:35)
	at org.openqa.selenium.chrome.ChromeDriverService$Builder.findDefaultExecutable(ChromeDriverService.java:159)
	at org.openqa.selenium.remote.service.DriverService$Builder.build(DriverService.java:355)
	at org.openqa.selenium.chrome.ChromeDriverService.createDefaultService(ChromeDriverService.java:94)
	at org.openqa.selenium.chrome.ChromeDriver.&lt;init&gt;(ChromeDriver.java:123)
	at org.apache.maven.archetypes.nopcommerceApp.TestBase.setup(TestBase.java:51)
	at java.base/java.util.ArrayList.forEach(ArrayList.java:1541)
... Removed 29 stack frames
</div> <!-- stack-trace -->
                </div> <!-- method-content -->
              </div> <!-- method -->
            </div> <!-- main-panel-content rounded-window-bottom -->
          </div> <!-- suite-nopCommerce_Test_Suite-class-skipped -->
          <div class="suite-nopCommerce_Test_Suite-class-skipped">
            <div class="main-panel-header rounded-window-top">
              <img src="skipped.png"/>
              <span class="class-name">org.apache.maven.archetypes.nopcommerceApp.TestAddManufacturer</span>
            </div> <!-- main-panel-header rounded-window-top -->
            <div class="main-panel-content rounded-window-bottom">
              <div class="method">
                <div class="method-content">
                  <a name="test_addManufacturer">
                  </a> <!-- test_addManufacturer -->
                  <span class="method-name">test_addManufacturer</span>
                  <div class="stack-trace">java.lang.IllegalStateException: The driver executable does not exist: /Users/pakinamnoureldeen/Downloads/nopcommerceApp-master/./Drivers\chromedriver\chromedriver.exe
	at com.google.common.base.Preconditions.checkState(Preconditions.java:585)
	at org.openqa.selenium.remote.service.DriverService.checkExecutable(DriverService.java:146)
	at org.openqa.selenium.remote.service.DriverService.findExecutable(DriverService.java:141)
	at org.openqa.selenium.chrome.ChromeDriverService.access$000(ChromeDriverService.java:35)
	at org.openqa.selenium.chrome.ChromeDriverService$Builder.findDefaultExecutable(ChromeDriverService.java:159)
	at org.openqa.selenium.remote.service.DriverService$Builder.build(DriverService.java:355)
	at org.openqa.selenium.chrome.ChromeDriverService.createDefaultService(ChromeDriverService.java:94)
	at org.openqa.selenium.chrome.ChromeDriver.&lt;init&gt;(ChromeDriver.java:123)
	at org.apache.maven.archetypes.nopcommerceApp.TestBase.setup(TestBase.java:51)
	at java.base/java.util.ArrayList.forEach(ArrayList.java:1541)
... Removed 29 stack frames
</div> <!-- stack-trace -->
                </div> <!-- method-content -->
              </div> <!-- method -->
            </div> <!-- main-panel-content rounded-window-bottom -->
          </div> <!-- suite-nopCommerce_Test_Suite-class-skipped -->
        </div> <!-- panel nopCommerce_Test_Suite -->
        <div panel-name="test-xml-nopCommerce_Test_Suite" class="panel">
          <div class="main-panel-header rounded-window-top">
            <span class="header-content">/Users/pakinamnoureldeen/Downloads/nopcommerceApp-master/testng.xml</span>
          </div> <!-- main-panel-header rounded-window-top -->
          <div class="main-panel-content rounded-window-bottom">
            <pre>
&lt;?xml version=&quot;1.0&quot; encoding=&quot;UTF-8&quot;?&gt;
&lt;!DOCTYPE suite SYSTEM &quot;https://testng.org/testng-1.0.dtd&quot;&gt;
&lt;suite name=&quot;nopCommerce Test Suite&quot; guice-stage=&quot;DEVELOPMENT&quot; verbose=&quot;0&quot;&gt;
  &lt;listeners&gt;
    &lt;listener class-name=&quot;utilities.Reporting&quot;/&gt;
  &lt;/listeners&gt;
  &lt;test thread-count=&quot;5&quot; name=&quot;Login Tests&quot; verbose=&quot;0&quot;&gt;
    &lt;parameter name=&quot;browser&quot; value=&quot;firefox&quot;/&gt;
    &lt;classes&gt;
      &lt;class name=&quot;org.apache.maven.archetypes.nopcommerceApp.TestLogin&quot;/&gt;
      &lt;class name=&quot;org.apache.maven.archetypes.nopcommerceApp.DDTestLogin&quot;/&gt;
    &lt;/classes&gt;
  &lt;/test&gt; &lt;!-- Login Tests --&gt;
  &lt;test thread-count=&quot;5&quot; name=&quot;Products Tests&quot; verbose=&quot;0&quot;&gt;
    &lt;parameter name=&quot;browser&quot; value=&quot;chrome&quot;/&gt;
    &lt;classes&gt;
      &lt;class name=&quot;org.apache.maven.archetypes.nopcommerceApp.TestAddProduct&quot;/&gt;
      &lt;class name=&quot;org.apache.maven.archetypes.nopcommerceApp.TestSearchProductByName&quot;/&gt;
      &lt;class name=&quot;org.apache.maven.archetypes.nopcommerceApp.TestSearchProductByType&quot;/&gt;
      &lt;class name=&quot;org.apache.maven.archetypes.nopcommerceApp.TestEditSearchedProduct&quot;/&gt;
      &lt;class name=&quot;org.apache.maven.archetypes.nopcommerceApp.TestDeleteSearchedProduct&quot;/&gt;
      &lt;class name=&quot;org.apache.maven.archetypes.nopcommerceApp.ClearAllProductsTest&quot;/&gt;
    &lt;/classes&gt;
  &lt;/test&gt; &lt;!-- Products Tests --&gt;
  &lt;test thread-count=&quot;5&quot; name=&quot;Manufacturers Tests&quot; verbose=&quot;0&quot;&gt;
    &lt;parameter name=&quot;browser&quot; value=&quot;chrome&quot;/&gt;
    &lt;classes&gt;
      &lt;class name=&quot;org.apache.maven.archetypes.nopcommerceApp.TestAddManufacturer&quot;/&gt;
    &lt;/classes&gt;
  &lt;/test&gt; &lt;!-- Manufacturers Tests --&gt;
&lt;/suite&gt; &lt;!-- nopCommerce Test Suite --&gt;
            </pre>
          </div> <!-- main-panel-content rounded-window-bottom -->
        </div> <!-- panel -->
        <div panel-name="testlist-nopCommerce_Test_Suite" class="panel">
          <div class="main-panel-header rounded-window-top">
            <span class="header-content">Tests for nopCommerce Test Suite</span>
          </div> <!-- main-panel-header rounded-window-top -->
          <div class="main-panel-content rounded-window-bottom">
            <ul>
              <li>
                <span class="test-name">Login Tests (2 classes)</span>
              </li>
              <li>
                <span class="test-name">Products Tests (6 classes)</span>
              </li>
              <li>
                <span class="test-name">Manufacturers Tests (1 class)</span>
              </li>
            </ul>
          </div> <!-- main-panel-content rounded-window-bottom -->
        </div> <!-- panel -->
        <div panel-name="group-nopCommerce_Test_Suite" class="panel">
          <div class="main-panel-header rounded-window-top">
            <span class="header-content">Groups for nopCommerce Test Suite</span>
          </div> <!-- main-panel-header rounded-window-top -->
          <div class="main-panel-content rounded-window-bottom">
          </div> <!-- main-panel-content rounded-window-bottom -->
        </div> <!-- panel -->
        <div panel-name="times-nopCommerce_Test_Suite" class="panel">
          <div class="main-panel-header rounded-window-top">
            <span class="header-content">Times for nopCommerce Test Suite</span>
          </div> <!-- main-panel-header rounded-window-top -->
          <div class="main-panel-content rounded-window-bottom">
            <div class="times-div">
              <script type="text/javascript">
suiteTableInitFunctions.push('tableData_nopCommerce_Test_Suite');
function tableData_nopCommerce_Test_Suite() {
var data = new google.visualization.DataTable();
data.addColumn('number', 'Number');
data.addColumn('string', 'Method');
data.addColumn('string', 'Class');
data.addColumn('number', 'Time (ms)');
data.addRows(9);
data.setCell(0, 0, 0)
data.setCell(0, 1, 'test_login')
data.setCell(0, 2, 'org.apache.maven.archetypes.nopcommerceApp.TestLogin')
data.setCell(0, 3, 0);
data.setCell(1, 0, 1)
data.setCell(1, 1, 'ddt_test_login')
data.setCell(1, 2, 'org.apache.maven.archetypes.nopcommerceApp.DDTestLogin')
data.setCell(1, 3, 0);
data.setCell(2, 0, 2)
data.setCell(2, 1, 'test_searchProductByType')
data.setCell(2, 2, 'org.apache.maven.archetypes.nopcommerceApp.TestSearchProductByType')
data.setCell(2, 3, 0);
data.setCell(3, 0, 3)
data.setCell(3, 1, 'test_AddProduct')
data.setCell(3, 2, 'org.apache.maven.archetypes.nopcommerceApp.TestAddProduct')
data.setCell(3, 3, 0);
data.setCell(4, 0, 4)
data.setCell(4, 1, 'test_IfAllTheChosenProductsCanBeDeletedWhenPressingDeleteButton')
data.setCell(4, 2, 'org.apache.maven.archetypes.nopcommerceApp.ClearAllProductsTest')
data.setCell(4, 3, 0);
data.setCell(5, 0, 5)
data.setCell(5, 1, 'test_IfSearchedProductWasDeletedAfterPressingDeleteButton')
data.setCell(5, 2, 'org.apache.maven.archetypes.nopcommerceApp.TestDeleteSearchedProduct')
data.setCell(5, 3, 0);
data.setCell(6, 0, 6)
data.setCell(6, 1, 'test_searchByProductName')
data.setCell(6, 2, 'org.apache.maven.archetypes.nopcommerceApp.TestSearchProductByName')
data.setCell(6, 3, 0);
data.setCell(7, 0, 7)
data.setCell(7, 1, 'test_ifTheSearchedProductUpdatedAfterEditing')
data.setCell(7, 2, 'org.apache.maven.archetypes.nopcommerceApp.TestEditSearchedProduct')
data.setCell(7, 3, 0);
data.setCell(8, 0, 8)
data.setCell(8, 1, 'test_addManufacturer')
data.setCell(8, 2, 'org.apache.maven.archetypes.nopcommerceApp.TestAddManufacturer')
data.setCell(8, 3, 0);
window.suiteTableData['nopCommerce_Test_Suite']= { tableData: data, tableDiv: 'times-div-nopCommerce_Test_Suite'}
return data;
}
              </script>
              <span class="suite-total-time">Total running time: 0 ms</span>
              <div id="times-div-nopCommerce_Test_Suite">
              </div> <!-- times-div-nopCommerce_Test_Suite -->
            </div> <!-- times-div -->
          </div> <!-- main-panel-content rounded-window-bottom -->
        </div> <!-- panel -->
        <div panel-name="reporter-nopCommerce_Test_Suite" class="panel">
          <div class="main-panel-header rounded-window-top">
            <span class="header-content">Reporter output for nopCommerce Test Suite</span>
          </div> <!-- main-panel-header rounded-window-top -->
          <div class="main-panel-content rounded-window-bottom">
          </div> <!-- main-panel-content rounded-window-bottom -->
        </div> <!-- panel -->
        <div panel-name="ignored-methods-nopCommerce_Test_Suite" class="panel">
          <div class="main-panel-header rounded-window-top">
            <span class="header-content">0 ignored methods</span>
          </div> <!-- main-panel-header rounded-window-top -->
          <div class="main-panel-content rounded-window-bottom">
          </div> <!-- main-panel-content rounded-window-bottom -->
        </div> <!-- panel -->
        <div panel-name="chronological-nopCommerce_Test_Suite" class="panel">
          <div class="main-panel-header rounded-window-top">
            <span class="header-content">Methods in chronological order</span>
          </div> <!-- main-panel-header rounded-window-top -->
          <div class="main-panel-content rounded-window-bottom">
            <div class="chronological-class">
              <div class="chronological-class-name">org.apache.maven.archetypes.nopcommerceApp.TestLogin</div> <!-- chronological-class-name -->
              <div class="configuration-class before">
                <img src="failed.png">
                </img>
                <span class="method-name">setup(firefox)</span>
                <span class="method-start">0 ms</span>
              </div> <!-- configuration-class before -->
              <div class="configuration-method before">
                <span class="method-name">beforeMethod</span>
                <span class="method-start">191 ms</span>
              </div> <!-- configuration-method before -->
              <div class="test-method">
                <span class="method-name">test_login</span>
                <span class="method-start">191 ms</span>
              </div> <!-- test-method -->
              <div class="configuration-method after">
                <span class="method-name">afterMethod</span>
                <span class="method-start">200 ms</span>
              </div> <!-- configuration-method after -->
              <div class="configuration-class after">
                <span class="method-name">tearDown</span>
                <span class="method-start">201 ms</span>
              </div> <!-- configuration-class after -->
            </div> <!-- chronological-class -->
            <div class="chronological-class">
              <div class="chronological-class-name">org.apache.maven.archetypes.nopcommerceApp.DDTestLogin</div> <!-- chronological-class-name -->
              <div class="configuration-class before">
                <img src="failed.png">
                </img>
                <span class="method-name">setup(firefox)</span>
                <span class="method-start">202 ms</span>
              </div> <!-- configuration-class before -->
              <div class="configuration-class after">
                <span class="method-name">tearDown</span>
                <span class="method-start">232 ms</span>
              </div> <!-- configuration-class after -->
            </div> <!-- chronological-class -->
            <div class="chronological-class">
              <div class="chronological-class-name">org.apache.maven.archetypes.nopcommerceApp.TestAddProduct</div> <!-- chronological-class-name -->
              <div class="configuration-class before">
                <img src="failed.png">
                </img>
                <span class="method-name">setup(chrome)</span>
                <span class="method-start">1019 ms</span>
              </div> <!-- configuration-class before -->
              <div class="configuration-method before">
                <span class="method-name">beforeMethod</span>
                <span class="method-start">1044 ms</span>
              </div> <!-- configuration-method before -->
              <div class="test-method">
                <span class="method-name">test_AddProduct</span>
                <span class="method-start">1044 ms</span>
              </div> <!-- test-method -->
              <div class="configuration-method after">
                <span class="method-name">afterMethod</span>
                <span class="method-start">1046 ms</span>
              </div> <!-- configuration-method after -->
              <div class="configuration-class after">
                <span class="method-name">tearDown</span>
                <span class="method-start">1046 ms</span>
              </div> <!-- configuration-class after -->
            </div> <!-- chronological-class -->
            <div class="chronological-class">
              <div class="chronological-class-name">org.apache.maven.archetypes.nopcommerceApp.TestSearchProductByName</div> <!-- chronological-class-name -->
              <div class="configuration-class before">
                <img src="failed.png">
                </img>
                <span class="method-name">setup(chrome)</span>
                <span class="method-start">1047 ms</span>
              </div> <!-- configuration-class before -->
              <div class="configuration-method before">
                <span class="method-name">beforeMethod</span>
                <span class="method-start">1051 ms</span>
              </div> <!-- configuration-method before -->
              <div class="test-method">
                <span class="method-name">test_searchByProductName</span>
                <span class="method-start">1051 ms</span>
              </div> <!-- test-method -->
              <div class="configuration-method after">
                <span class="method-name">afterMethod</span>
                <span class="method-start">1051 ms</span>
              </div> <!-- configuration-method after -->
              <div class="configuration-class after">
                <span class="method-name">tearDown</span>
                <span class="method-start">1052 ms</span>
              </div> <!-- configuration-class after -->
            </div> <!-- chronological-class -->
            <div class="chronological-class">
              <div class="chronological-class-name">org.apache.maven.archetypes.nopcommerceApp.TestSearchProductByType</div> <!-- chronological-class-name -->
              <div class="configuration-class before">
                <img src="failed.png">
                </img>
                <span class="method-name">setup(chrome)</span>
                <span class="method-start">1052 ms</span>
              </div> <!-- configuration-class before -->
              <div class="configuration-class before">
                <span class="method-name">beforeClass</span>
                <span class="method-start">1054 ms</span>
              </div> <!-- configuration-class before -->
              <div class="test-method">
                <span class="method-name">test_searchProductByType</span>
                <span class="method-start">1055 ms</span>
              </div> <!-- test-method -->
              <div class="configuration-method after">
                <span class="method-name">afterMethod</span>
                <span class="method-start">1055 ms</span>
              </div> <!-- configuration-method after -->
              <div class="configuration-class after">
                <span class="method-name">tearDown</span>
                <span class="method-start">1055 ms</span>
              </div> <!-- configuration-class after -->
            </div> <!-- chronological-class -->
            <div class="chronological-class">
              <div class="chronological-class-name">org.apache.maven.archetypes.nopcommerceApp.TestEditSearchedProduct</div> <!-- chronological-class-name -->
              <div class="configuration-class before">
                <img src="failed.png">
                </img>
                <span class="method-name">setup(chrome)</span>
                <span class="method-start">1055 ms</span>
              </div> <!-- configuration-class before -->
              <div class="configuration-method before">
                <span class="method-name">beforeMethod</span>
                <span class="method-start">1060 ms</span>
              </div> <!-- configuration-method before -->
              <div class="test-method">
                <span class="method-name">test_ifTheSearchedProductUpdatedAfterEditing</span>
                <span class="method-start">1060 ms</span>
              </div> <!-- test-method -->
              <div class="configuration-method after">
                <span class="method-name">afterMethod</span>
                <span class="method-start">1060 ms</span>
              </div> <!-- configuration-method after -->
              <div class="configuration-class after">
                <span class="method-name">tearDown</span>
                <span class="method-start">1061 ms</span>
              </div> <!-- configuration-class after -->
            </div> <!-- chronological-class -->
            <div class="chronological-class">
              <div class="chronological-class-name">org.apache.maven.archetypes.nopcommerceApp.TestDeleteSearchedProduct</div> <!-- chronological-class-name -->
              <div class="configuration-class before">
                <img src="failed.png">
                </img>
                <span class="method-name">setup(chrome)</span>
                <span class="method-start">1061 ms</span>
              </div> <!-- configuration-class before -->
              <div class="configuration-method before">
                <span class="method-name">beforeMethod</span>
                <span class="method-start">1064 ms</span>
              </div> <!-- configuration-method before -->
              <div class="test-method">
                <span class="method-name">test_IfSearchedProductWasDeletedAfterPressingDeleteButton</span>
                <span class="method-start">1064 ms</span>
              </div> <!-- test-method -->
              <div class="configuration-method after">
                <span class="method-name">afterMethod</span>
                <span class="method-start">1064 ms</span>
              </div> <!-- configuration-method after -->
              <div class="configuration-class after">
                <span class="method-name">tearDown</span>
                <span class="method-start">1064 ms</span>
              </div> <!-- configuration-class after -->
            </div> <!-- chronological-class -->
            <div class="chronological-class">
              <div class="chronological-class-name">org.apache.maven.archetypes.nopcommerceApp.ClearAllProductsTest</div> <!-- chronological-class-name -->
              <div class="configuration-class before">
                <img src="failed.png">
                </img>
                <span class="method-name">setup(chrome)</span>
                <span class="method-start">1065 ms</span>
              </div> <!-- configuration-class before -->
              <div class="configuration-method before">
                <span class="method-name">beforeMethod</span>
                <span class="method-start">1071 ms</span>
              </div> <!-- configuration-method before -->
              <div class="test-method">
                <span class="method-name">test_IfAllTheChosenProductsCanBeDeletedWhenPressingDeleteButton</span>
                <span class="method-start">1071 ms</span>
              </div> <!-- test-method -->
              <div class="configuration-method after">
                <span class="method-name">afterMethod</span>
                <span class="method-start">1071 ms</span>
              </div> <!-- configuration-method after -->
              <div class="configuration-class after">
                <span class="method-name">tearDown</span>
                <span class="method-start">1071 ms</span>
              </div> <!-- configuration-class after -->
            </div> <!-- chronological-class -->
            <div class="chronological-class">
              <div class="chronological-class-name">org.apache.maven.archetypes.nopcommerceApp.TestAddManufacturer</div> <!-- chronological-class-name -->
              <div class="configuration-class before">
                <img src="failed.png">
                </img>
                <span class="method-name">setup(chrome)</span>
                <span class="method-start">1260 ms</span>
              </div> <!-- configuration-class before -->
              <div class="configuration-method before">
                <span class="method-name">beforeMethod</span>
                <span class="method-start">1267 ms</span>
              </div> <!-- configuration-method before -->
              <div class="test-method">
                <span class="method-name">test_addManufacturer</span>
                <span class="method-start">1267 ms</span>
              </div> <!-- test-method -->
              <div class="configuration-method after">
                <span class="method-name">afterMethod</span>
                <span class="method-start">1267 ms</span>
              </div> <!-- configuration-method after -->
              <div class="configuration-class after">
                <span class="method-name">tearDown</span>
                <span class="method-start">1267 ms</span>
              </div> <!-- configuration-class after -->
          </div> <!-- main-panel-content rounded-window-bottom -->
        </div> <!-- panel -->
      </div> <!-- main-panel-root -->
    </div> <!-- wrapper -->
  </body>
</html>
