<?xml version="1.0" encoding="UTF-8"?>
<testsuite xmlns:xsi="http://www.w3.org/2001/XMLSchema-instance" xsi:noNamespaceSchemaLocation="https://maven.apache.org/surefire/maven-surefire-plugin/xsd/surefire-test-report.xsd" name="TestSuite" time="2.667" tests="43" errors="0" skipped="34" failures="9">
  <properties>
    <property name="gopherProxySet" value="false"/>
    <property name="awt.toolkit" value="sun.lwawt.macosx.LWCToolkit"/>
    <property name="java.specification.version" value="11"/>
    <property name="sun.cpu.isalist" value=""/>
    <property name="sun.jnu.encoding" value="UTF-8"/>
    <property name="java.class.path" value="/Users/pakinamnoureldeen/Downloads/nopcommerceApp-master/target/test-classes:/Users/pakinamnoureldeen/Downloads/nopcommerceApp-master/target/classes:/Users/pakinamnoureldeen/.m2/repository/org/seleniumhq/selenium/selenium-java/3.141.59/selenium-java-3.141.59.jar:/Users/pakinamnoureldeen/.m2/repository/org/seleniumhq/selenium/selenium-api/3.141.59/selenium-api-3.141.59.jar:/Users/pakinamnoureldeen/.m2/repository/org/seleniumhq/selenium/selenium-chrome-driver/3.141.59/selenium-chrome-driver-3.141.59.jar:/Users/pakinamnoureldeen/.m2/repository/org/seleniumhq/selenium/selenium-edge-driver/3.141.59/selenium-edge-driver-3.141.59.jar:/Users/pakinamnoureldeen/.m2/repository/org/seleniumhq/selenium/selenium-firefox-driver/3.141.59/selenium-firefox-driver-3.141.59.jar:/Users/pakinamnoureldeen/.m2/repository/org/seleniumhq/selenium/selenium-ie-driver/3.141.59/selenium-ie-driver-3.141.59.jar:/Users/pakinamnoureldeen/.m2/repository/org/seleniumhq/selenium/selenium-opera-driver/3.141.59/selenium-opera-driver-3.141.59.jar:/Users/pakinamnoureldeen/.m2/repository/org/seleniumhq/selenium/selenium-remote-driver/3.141.59/selenium-remote-driver-3.141.59.jar:/Users/pakinamnoureldeen/.m2/repository/org/seleniumhq/selenium/selenium-safari-driver/3.141.59/selenium-safari-driver-3.141.59.jar:/Users/pakinamnoureldeen/.m2/repository/org/seleniumhq/selenium/selenium-support/3.141.59/selenium-support-3.141.59.jar:/Users/pakinamnoureldeen/.m2/repository/net/bytebuddy/byte-buddy/1.8.15/byte-buddy-1.8.15.jar:/Users/pakinamnoureldeen/.m2/repository/org/apache/commons/commons-exec/1.3/commons-exec-1.3.jar:/Users/pakinamnoureldeen/.m2/repository/com/google/guava/guava/25.0-jre/guava-25.0-jre.jar:/Users/pakinamnoureldeen/.m2/repository/com/google/code/findbugs/jsr305/1.3.9/jsr305-1.3.9.jar:/Users/pakinamnoureldeen/.m2/repository/org/checkerframework/checker-compat-qual/2.0.0/checker-compat-qual-2.0.0.jar:/Users/pakinamnoureldeen/.m2/repository/com/google/errorprone/error_prone_annotations/2.1.3/error_prone_annotations-2.1.3.jar:/Users/pakinamnoureldeen/.m2/repository/com/google/j2objc/j2objc-annotations/1.1/j2objc-annotations-1.1.jar:/Users/pakinamnoureldeen/.m2/repository/org/codehaus/mojo/animal-sniffer-annotations/1.14/animal-sniffer-annotations-1.14.jar:/Users/pakinamnoureldeen/.m2/repository/com/squareup/okhttp3/okhttp/3.11.0/okhttp-3.11.0.jar:/Users/pakinamnoureldeen/.m2/repository/com/squareup/okio/okio/1.14.0/okio-1.14.0.jar:/Users/pakinamnoureldeen/.m2/repository/com/googlecode/json-simple/json-simple/1.1.1/json-simple-1.1.1.jar:/Users/pakinamnoureldeen/.m2/repository/junit/junit/4.10/junit-4.10.jar:/Users/pakinamnoureldeen/.m2/repository/org/hamcrest/hamcrest-core/1.1/hamcrest-core-1.1.jar:/Users/pakinamnoureldeen/.m2/repository/com/aventstack/extentreports/5.0.0/extentreports-5.0.0.jar:/Users/pakinamnoureldeen/.m2/repository/io/reactivex/rxjava3/rxjava/3.0.4/rxjava-3.0.4.jar:/Users/pakinamnoureldeen/.m2/repository/org/reactivestreams/reactive-streams/1.0.3/reactive-streams-1.0.3.jar:/Users/pakinamnoureldeen/.m2/repository/org/freemarker/freemarker/2.3.30/freemarker-2.3.30.jar:/Users/pakinamnoureldeen/.m2/repository/org/projectlombok/lombok/1.18.12/lombok-1.18.12.jar:/Users/pakinamnoureldeen/.m2/repository/com/google/code/gson/gson/2.8.6/gson-2.8.6.jar:/Users/pakinamnoureldeen/.m2/repository/org/testng/testng/7.1.0/testng-7.1.0.jar:/Users/pakinamnoureldeen/.m2/repository/com/beust/jcommander/1.72/jcommander-1.72.jar:/Users/pakinamnoureldeen/.m2/repository/com/google/inject/guice/4.1.0/guice-4.1.0-no_aop.jar:/Users/pakinamnoureldeen/.m2/repository/javax/inject/javax.inject/1/javax.inject-1.jar:/Users/pakinamnoureldeen/.m2/repository/aopalliance/aopalliance/1.0/aopalliance-1.0.jar:/Users/pakinamnoureldeen/.m2/repository/org/yaml/snakeyaml/1.21/snakeyaml-1.21.jar:/Users/pakinamnoureldeen/.m2/repository/log4j/log4j/1.2.17/log4j-1.2.17.jar:"/>
    <property name="java.vm.vendor" value="Oracle Corporation"/>
    <property name="sun.arch.data.model" value="64"/>
    <property name="java.vendor.url" value="https://openjdk.java.net/"/>
    <property name="user.timezone" value=""/>
    <property name="java.vm.specification.version" value="11"/>
    <property name="os.name" value="Mac OS X"/>
    <property name="sun.java.launcher" value="SUN_STANDARD"/>
    <property name="user.country" value="EG"/>
    <property name="sun.boot.library.path" value="/Library/Java/JavaVirtualMachines/jdk-11.0.13.jdk/Contents/Home/lib"/>
    <property name="sun.java.command" value="/Users/pakinamnoureldeen/Downloads/nopcommerceApp-master/target/surefire/surefirebooter6549789177834939004.jar /Users/pakinamnoureldeen/Downloads/nopcommerceApp-master/target/surefire 2023-10-28T10-47-07_784-jvmRun1 surefire12797981130483872740tmp surefire_03866801867252168010tmp"/>
    <property name="http.nonProxyHosts" value="local|*.local|169.254/16|*.169.254/16"/>
    <property name="jdk.debug" value="release"/>
    <property name="surefire.test.class.path" value="/Users/pakinamnoureldeen/Downloads/nopcommerceApp-master/target/test-classes:/Users/pakinamnoureldeen/Downloads/nopcommerceApp-master/target/classes:/Users/pakinamnoureldeen/.m2/repository/org/seleniumhq/selenium/selenium-java/3.141.59/selenium-java-3.141.59.jar:/Users/pakinamnoureldeen/.m2/repository/org/seleniumhq/selenium/selenium-api/3.141.59/selenium-api-3.141.59.jar:/Users/pakinamnoureldeen/.m2/repository/org/seleniumhq/selenium/selenium-chrome-driver/3.141.59/selenium-chrome-driver-3.141.59.jar:/Users/pakinamnoureldeen/.m2/repository/org/seleniumhq/selenium/selenium-edge-driver/3.141.59/selenium-edge-driver-3.141.59.jar:/Users/pakinamnoureldeen/.m2/repository/org/seleniumhq/selenium/selenium-firefox-driver/3.141.59/selenium-firefox-driver-3.141.59.jar:/Users/pakinamnoureldeen/.m2/repository/org/seleniumhq/selenium/selenium-ie-driver/3.141.59/selenium-ie-driver-3.141.59.jar:/Users/pakinamnoureldeen/.m2/repository/org/seleniumhq/selenium/selenium-opera-driver/3.141.59/selenium-opera-driver-3.141.59.jar:/Users/pakinamnoureldeen/.m2/repository/org/seleniumhq/selenium/selenium-remote-driver/3.141.59/selenium-remote-driver-3.141.59.jar:/Users/pakinamnoureldeen/.m2/repository/org/seleniumhq/selenium/selenium-safari-driver/3.141.59/selenium-safari-driver-3.141.59.jar:/Users/pakinamnoureldeen/.m2/repository/org/seleniumhq/selenium/selenium-support/3.141.59/selenium-support-3.141.59.jar:/Users/pakinamnoureldeen/.m2/repository/net/bytebuddy/byte-buddy/1.8.15/byte-buddy-1.8.15.jar:/Users/pakinamnoureldeen/.m2/repository/org/apache/commons/commons-exec/1.3/commons-exec-1.3.jar:/Users/pakinamnoureldeen/.m2/repository/com/google/guava/guava/25.0-jre/guava-25.0-jre.jar:/Users/pakinamnoureldeen/.m2/repository/com/google/code/findbugs/jsr305/1.3.9/jsr305-1.3.9.jar:/Users/pakinamnoureldeen/.m2/repository/org/checkerframework/checker-compat-qual/2.0.0/checker-compat-qual-2.0.0.jar:/Users/pakinamnoureldeen/.m2/repository/com/google/errorprone/error_prone_annotations/2.1.3/error_prone_annotations-2.1.3.jar:/Users/pakinamnoureldeen/.m2/repository/com/google/j2objc/j2objc-annotations/1.1/j2objc-annotations-1.1.jar:/Users/pakinamnoureldeen/.m2/repository/org/codehaus/mojo/animal-sniffer-annotations/1.14/animal-sniffer-annotations-1.14.jar:/Users/pakinamnoureldeen/.m2/repository/com/squareup/okhttp3/okhttp/3.11.0/okhttp-3.11.0.jar:/Users/pakinamnoureldeen/.m2/repository/com/squareup/okio/okio/1.14.0/okio-1.14.0.jar:/Users/pakinamnoureldeen/.m2/repository/com/googlecode/json-simple/json-simple/1.1.1/json-simple-1.1.1.jar:/Users/pakinamnoureldeen/.m2/repository/junit/junit/4.10/junit-4.10.jar:/Users/pakinamnoureldeen/.m2/repository/org/hamcrest/hamcrest-core/1.1/hamcrest-core-1.1.jar:/Users/pakinamnoureldeen/.m2/repository/com/aventstack/extentreports/5.0.0/extentreports-5.0.0.jar:/Users/pakinamnoureldeen/.m2/repository/io/reactivex/rxjava3/rxjava/3.0.4/rxjava-3.0.4.jar:/Users/pakinamnoureldeen/.m2/repository/org/reactivestreams/reactive-streams/1.0.3/reactive-streams-1.0.3.jar:/Users/pakinamnoureldeen/.m2/repository/org/freemarker/freemarker/2.3.30/freemarker-2.3.30.jar:/Users/pakinamnoureldeen/.m2/repository/org/projectlombok/lombok/1.18.12/lombok-1.18.12.jar:/Users/pakinamnoureldeen/.m2/repository/com/google/code/gson/gson/2.8.6/gson-2.8.6.jar:/Users/pakinamnoureldeen/.m2/repository/org/testng/testng/7.1.0/testng-7.1.0.jar:/Users/pakinamnoureldeen/.m2/repository/com/beust/jcommander/1.72/jcommander-1.72.jar:/Users/pakinamnoureldeen/.m2/repository/com/google/inject/guice/4.1.0/guice-4.1.0-no_aop.jar:/Users/pakinamnoureldeen/.m2/repository/javax/inject/javax.inject/1/javax.inject-1.jar:/Users/pakinamnoureldeen/.m2/repository/aopalliance/aopalliance/1.0/aopalliance-1.0.jar:/Users/pakinamnoureldeen/.m2/repository/org/yaml/snakeyaml/1.21/snakeyaml-1.21.jar:/Users/pakinamnoureldeen/.m2/repository/log4j/log4j/1.2.17/log4j-1.2.17.jar:"/>
    <property name="sun.cpu.endian" value="little"/>
    <property name="user.home" value="/Users/pakinamnoureldeen"/>
    <property name="user.language" value="en"/>
    <property name="java.specification.vendor" value="Oracle Corporation"/>
    <property name="java.version.date" value="2021-10-19"/>
    <property name="java.home" value="/Library/Java/JavaVirtualMachines/jdk-11.0.13.jdk/Contents/Home"/>
    <property name="file.separator" value="/"/>
    <property name="basedir" value="/Users/pakinamnoureldeen/Downloads/nopcommerceApp-master"/>
    <property name="java.vm.compressedOopsMode" value="Zero based"/>
    <property name="line.separator" value="&#10;"/>
    <property name="java.specification.name" value="Java Platform API Specification"/>
    <property name="java.vm.specification.vendor" value="Oracle Corporation"/>
    <property name="java.awt.graphicsenv" value="sun.awt.CGraphicsEnvironment"/>
    <property name="surefire.real.class.path" value="/Users/pakinamnoureldeen/Downloads/nopcommerceApp-master/target/surefire/surefirebooter6549789177834939004.jar"/>
    <property name="sun.management.compiler" value="HotSpot 64-Bit Tiered Compilers"/>
    <property name="ftp.nonProxyHosts" value="local|*.local|169.254/16|*.169.254/16"/>
    <property name="java.runtime.version" value="11.0.13+10-LTS-370"/>
    <property name="user.name" value="pakinamnoureldeen"/>
    <property name="path.separator" value=":"/>
    <property name="os.version" value="11.2"/>
    <property name="java.runtime.name" value="Java(TM) SE Runtime Environment"/>
    <property name="file.encoding" value="UTF-8"/>
    <property name="java.vm.name" value="Java HotSpot(TM) 64-Bit Server VM"/>
    <property name="java.vendor.version" value="18.9"/>
    <property name="localRepository" value="/Users/pakinamnoureldeen/.m2/repository"/>
    <property name="java.vendor.url.bug" value="https://bugreport.java.com/bugreport/"/>
    <property name="java.io.tmpdir" value="/var/folders/sk/4yvgh6gn6kgfbqqjyznplsgr0000gn/T/"/>
    <property name="java.version" value="11.0.13"/>
    <property name="user.dir" value="/Users/pakinamnoureldeen/Downloads/nopcommerceApp-master"/>
    <property name="os.arch" value="x86_64"/>
    <property name="java.vm.specification.name" value="Java Virtual Machine Specification"/>
    <property name="java.awt.printerjob" value="sun.lwawt.macosx.CPrinterJob"/>
    <property name="sun.os.patch.level" value="unknown"/>
    <property name="java.library.path" value="/Users/pakinamnoureldeen/Library/Java/Extensions:/Library/Java/Extensions:/Network/Library/Java/Extensions:/System/Library/Java/Extensions:/usr/lib/java:."/>
    <property name="java.vendor" value="Oracle Corporation"/>
    <property name="java.vm.info" value="mixed mode"/>
    <property name="java.vm.version" value="11.0.13+10-LTS-370"/>
    <property name="sun.io.unicode.encoding" value="UnicodeBig"/>
    <property name="java.class.version" value="55.0"/>
    <property name="socksNonProxyHosts" value="local|*.local|169.254/16|*.169.254/16"/>
  </properties>
  <testcase name="setup" classname="org.apache.maven.archetypes.nopcommerceApp.TestLogin" time="1.256">
    <failure message="Cannot find firefox binary in PATH. Make sure firefox is installed. OS appears to be: MAC&#10;Build info: version: &apos;3.141.59&apos;, revision: &apos;e82be7d358&apos;, time: &apos;2018-11-14T08:17:03&apos;&#10;System info: host: &apos;Pakinams-MacBook-Air.local&apos;, ip: &apos;fd58:d759:8a5a:d000:cd:fa8:6839:81b4%en0&apos;, os.name: &apos;Mac OS X&apos;, os.arch: &apos;x86_64&apos;, os.version: &apos;11.2&apos;, java.version: &apos;11.0.13&apos;&#10;Driver info: driver.version: FirefoxDriver" type="org.openqa.selenium.WebDriverException">org.openqa.selenium.WebDriverException: 
Cannot find firefox binary in PATH. Make sure firefox is installed. OS appears to be: MAC
Build info: version: '3.141.59', revision: 'e82be7d358', time: '2018-11-14T08:17:03'
System info: host: 'Pakinams-MacBook-Air.local', ip: 'fd58:d759:8a5a:d000:cd:fa8:6839:81b4%en0', os.name: 'Mac OS X', os.arch: 'x86_64', os.version: '11.2', java.version: '11.0.13'
Driver info: driver.version: FirefoxDriver
</failure>
  </testcase>
  <testcase name="beforeMethod" classname="org.apache.maven.archetypes.nopcommerceApp.TestLogin" time="0">
    <skipped/>
  </testcase>
  <testcase name="test_login" classname="org.apache.maven.archetypes.nopcommerceApp.TestLogin" time="0">
    <skipped message="Cannot find firefox binary in PATH. Make sure firefox is installed. OS appears to be: MAC&#10;Build info: version: &apos;3.141.59&apos;, revision: &apos;e82be7d358&apos;, time: &apos;2018-11-14T08:17:03&apos;&#10;System info: host: &apos;Pakinams-MacBook-Air.local&apos;, ip: &apos;fd58:d759:8a5a:d000:cd:fa8:6839:81b4%en0&apos;, os.name: &apos;Mac OS X&apos;, os.arch: &apos;x86_64&apos;, os.version: &apos;11.2&apos;, java.version: &apos;11.0.13&apos;&#10;Driver info: driver.version: FirefoxDriver"/>
  </testcase>
  <testcase name="afterMethod" classname="org.apache.maven.archetypes.nopcommerceApp.TestLogin" time="0">
    <skipped/>
  </testcase>
  <testcase name="tearDown" classname="org.apache.maven.archetypes.nopcommerceApp.TestLogin" time="0">
    <skipped/>
  </testcase>
  <testcase name="setup" classname="org.apache.maven.archetypes.nopcommerceApp.DDTestLogin" time="0.02">
    <failure message="Cannot find firefox binary in PATH. Make sure firefox is installed. OS appears to be: MAC&#10;Build info: version: &apos;3.141.59&apos;, revision: &apos;e82be7d358&apos;, time: &apos;2018-11-14T08:17:03&apos;&#10;System info: host: &apos;Pakinams-MacBook-Air.local&apos;, ip: &apos;fd58:d759:8a5a:d000:cd:fa8:6839:81b4%en0&apos;, os.name: &apos;Mac OS X&apos;, os.arch: &apos;x86_64&apos;, os.version: &apos;11.2&apos;, java.version: &apos;11.0.13&apos;&#10;Driver info: driver.version: FirefoxDriver" type="org.openqa.selenium.WebDriverException">org.openqa.selenium.WebDriverException: 
Cannot find firefox binary in PATH. Make sure firefox is installed. OS appears to be: MAC
Build info: version: '3.141.59', revision: 'e82be7d358', time: '2018-11-14T08:17:03'
System info: host: 'Pakinams-MacBook-Air.local', ip: 'fd58:d759:8a5a:d000:cd:fa8:6839:81b4%en0', os.name: 'Mac OS X', os.arch: 'x86_64', os.version: '11.2', java.version: '11.0.13'
Driver info: driver.version: FirefoxDriver
</failure>
  </testcase>
  <testcase name="ddt_test_login" classname="org.apache.maven.archetypes.nopcommerceApp.DDTestLogin" time="0">
    <skipped message="java.io.FileNotFoundException: .\testdata\testdata.json (No such file or directory)"/>
    <system-err><![CDATA[[Utils] [ERROR] [Error] java.io.FileNotFoundException: .\testdata\testdata.json (No such file or directory)
	at java.base/java.io.FileInputStream.open0(Native Method)
	at java.base/java.io.FileInputStream.open(FileInputStream.java:219)
	at java.base/java.io.FileInputStream.&lt;init&gt;(FileInputStream.java:157)
	at java.base/java.io.FileInputStream.&lt;init&gt;(FileInputStream.java:112)
	at java.base/java.io.FileReader.&lt;init&gt;(FileReader.java:60)
	at org.apache.maven.archetypes.nopcommerceApp.DDTestLogin.readJson(DDTestLogin.java:132)
	at java.base/jdk.internal.reflect.NativeMethodAccessorImpl.invoke0(Native Method)
	at java.base/jdk.internal.reflect.NativeMethodAccessorImpl.invoke(NativeMethodAccessorImpl.java:62)
	at java.base/jdk.internal.reflect.DelegatingMethodAccessorImpl.invoke(DelegatingMethodAccessorImpl.java:43)
	at java.base/java.lang.reflect.Method.invoke(Method.java:566)
	at org.testng.internal.MethodInvocationHelper.invokeMethod(MethodInvocationHelper.java:134)
	at org.testng.internal.MethodInvocationHelper.invokeMethod(MethodInvocationHelper.java:78)
	at org.testng.internal.MethodInvocationHelper.invokeMethodNoCheckedException(MethodInvocationHelper.java:47)
	at org.testng.internal.MethodInvocationHelper.invokeDataProvider(MethodInvocationHelper.java:147)
	at org.testng.internal.Parameters.handleParameters(Parameters.java:801)
	at org.testng.internal.Parameters.handleParameters(Parameters.java:744)
	at org.testng.internal.ParameterHandler.handleParameters(ParameterHandler.java:59)
	at org.testng.internal.ParameterHandler.createParameters(ParameterHandler.java:38)
	at org.testng.internal.TestInvoker$MethodInvocationAgent.invoke(TestInvoker.java:783)
	at org.testng.internal.TestInvoker.invokeTestMethods(TestInvoker.java:146)
	at org.testng.internal.TestMethodWorker.invokeTestMethods(TestMethodWorker.java:146)
	at org.testng.internal.TestMethodWorker.run(TestMethodWorker.java:128)
	at java.base/java.util.ArrayList.forEach(ArrayList.java:1541)
	at org.testng.TestRunner.privateRun(TestRunner.java:766)
	at org.testng.TestRunner.run(TestRunner.java:587)
	at org.testng.SuiteRunner.runTest(SuiteRunner.java:384)
	at org.testng.SuiteRunner.runSequentially(SuiteRunner.java:378)
	at org.testng.SuiteRunner.privateRun(SuiteRunner.java:337)
	at org.testng.SuiteRunner.run(SuiteRunner.java:286)
	at org.testng.SuiteRunnerWorker.runSuite(SuiteRunnerWorker.java:53)
	at org.testng.SuiteRunnerWorker.run(SuiteRunnerWorker.java:96)
	at org.testng.TestNG.runSuitesSequentially(TestNG.java:1187)
	at org.testng.TestNG.runSuitesLocally(TestNG.java:1109)
	at org.testng.TestNG.runSuites(TestNG.java:1039)
	at org.testng.TestNG.run(TestNG.java:1007)
	at org.apache.maven.surefire.testng.TestNGExecutor.run(TestNGExecutor.java:283)
	at org.apache.maven.surefire.testng.TestNGXmlTestSuite.execute(TestNGXmlTestSuite.java:75)
	at org.apache.maven.surefire.testng.TestNGProvider.invoke(TestNGProvider.java:120)
	at org.apache.maven.surefire.booter.ForkedBooter.invokeProviderInSameClassLoader(ForkedBooter.java:384)
	at org.apache.maven.surefire.booter.ForkedBooter.runSuitesInProcess(ForkedBooter.java:345)
	at org.apache.maven.surefire.booter.ForkedBooter.execute(ForkedBooter.java:126)
	at org.apache.maven.surefire.booter.ForkedBooter.main(ForkedBooter.java:418)

]]></system-err>
  </testcase>
  <testcase name="tearDown" classname="org.apache.maven.archetypes.nopcommerceApp.DDTestLogin" time="0">
    <skipped/>
  </testcase>
  <testcase name="setup" classname="org.apache.maven.archetypes.nopcommerceApp.TestAddProduct" time="0.844">
    <failure message="The driver executable does not exist: /Users/pakinamnoureldeen/Downloads/nopcommerceApp-master/./Drivers\chromedriver\chromedriver.exe" type="java.lang.IllegalStateException">java.lang.IllegalStateException: The driver executable does not exist: /Users/pakinamnoureldeen/Downloads/nopcommerceApp-master/./Drivers\chromedriver\chromedriver.exe
</failure>
  </testcase>
  <testcase name="beforeMethod" classname="org.apache.maven.archetypes.nopcommerceApp.TestAddProduct" time="0">
    <skipped/>
  </testcase>
  <testcase name="test_AddProduct" classname="org.apache.maven.archetypes.nopcommerceApp.TestAddProduct" time="0">
    <skipped message="The driver executable does not exist: /Users/pakinamnoureldeen/Downloads/nopcommerceApp-master/./Drivers\chromedriver\chromedriver.exe"/>
  </testcase>
  <testcase name="afterMethod" classname="org.apache.maven.archetypes.nopcommerceApp.TestAddProduct" time="0">
    <skipped/>
  </testcase>
  <testcase name="tearDown" classname="org.apache.maven.archetypes.nopcommerceApp.TestAddProduct" time="0">
    <skipped/>
  </testcase>
  <testcase name="setup" classname="org.apache.maven.archetypes.nopcommerceApp.TestSearchProductByName" time="0.006">
    <failure message="The driver executable does not exist: /Users/pakinamnoureldeen/Downloads/nopcommerceApp-master/./Drivers\chromedriver\chromedriver.exe" type="java.lang.IllegalStateException">java.lang.IllegalStateException: The driver executable does not exist: /Users/pakinamnoureldeen/Downloads/nopcommerceApp-master/./Drivers\chromedriver\chromedriver.exe
</failure>
  </testcase>
  <testcase name="beforeMethod" classname="org.apache.maven.archetypes.nopcommerceApp.TestSearchProductByName" time="0">
    <skipped/>
  </testcase>
  <testcase name="test_searchByProductName" classname="org.apache.maven.archetypes.nopcommerceApp.TestSearchProductByName" time="0">
    <skipped message="The driver executable does not exist: /Users/pakinamnoureldeen/Downloads/nopcommerceApp-master/./Drivers\chromedriver\chromedriver.exe"/>
  </testcase>
  <testcase name="afterMethod" classname="org.apache.maven.archetypes.nopcommerceApp.TestSearchProductByName" time="0">
    <skipped/>
  </testcase>
  <testcase name="tearDown" classname="org.apache.maven.archetypes.nopcommerceApp.TestSearchProductByName" time="0">
    <skipped/>
  </testcase>
  <testcase name="setup" classname="org.apache.maven.archetypes.nopcommerceApp.TestSearchProductByType" time="0.004">
    <failure message="The driver executable does not exist: /Users/pakinamnoureldeen/Downloads/nopcommerceApp-master/./Drivers\chromedriver\chromedriver.exe" type="java.lang.IllegalStateException">java.lang.IllegalStateException: The driver executable does not exist: /Users/pakinamnoureldeen/Downloads/nopcommerceApp-master/./Drivers\chromedriver\chromedriver.exe
</failure>
  </testcase>
  <testcase name="beforeClass" classname="org.apache.maven.archetypes.nopcommerceApp.TestSearchProductByType" time="0">
    <skipped/>
  </testcase>
  <testcase name="test_searchProductByType" classname="org.apache.maven.archetypes.nopcommerceApp.TestSearchProductByType" time="0">
    <skipped message="The driver executable does not exist: /Users/pakinamnoureldeen/Downloads/nopcommerceApp-master/./Drivers\chromedriver\chromedriver.exe"/>
  </testcase>
  <testcase name="afterMethod" classname="org.apache.maven.archetypes.nopcommerceApp.TestSearchProductByType" time="0">
    <skipped/>
  </testcase>
  <testcase name="tearDown" classname="org.apache.maven.archetypes.nopcommerceApp.TestSearchProductByType" time="0">
    <skipped/>
  </testcase>
  <testcase name="setup" classname="org.apache.maven.archetypes.nopcommerceApp.TestEditSearchedProduct" time="0.004">
    <failure message="The driver executable does not exist: /Users/pakinamnoureldeen/Downloads/nopcommerceApp-master/./Drivers\chromedriver\chromedriver.exe" type="java.lang.IllegalStateException">java.lang.IllegalStateException: The driver executable does not exist: /Users/pakinamnoureldeen/Downloads/nopcommerceApp-master/./Drivers\chromedriver\chromedriver.exe
</failure>
  </testcase>
  <testcase name="beforeMethod" classname="org.apache.maven.archetypes.nopcommerceApp.TestEditSearchedProduct" time="0">
    <skipped/>
  </testcase>
  <testcase name="test_ifTheSearchedProductUpdatedAfterEditing" classname="org.apache.maven.archetypes.nopcommerceApp.TestEditSearchedProduct" time="0">
    <skipped message="The driver executable does not exist: /Users/pakinamnoureldeen/Downloads/nopcommerceApp-master/./Drivers\chromedriver\chromedriver.exe"/>
  </testcase>
  <testcase name="afterMethod" classname="org.apache.maven.archetypes.nopcommerceApp.TestEditSearchedProduct" time="0">
    <skipped/>
  </testcase>
  <testcase name="tearDown" classname="org.apache.maven.archetypes.nopcommerceApp.TestEditSearchedProduct" time="0">
    <skipped/>
  </testcase>
  <testcase name="setup" classname="org.apache.maven.archetypes.nopcommerceApp.TestDeleteSearchedProduct" time="0.002">
    <failure message="The driver executable does not exist: /Users/pakinamnoureldeen/Downloads/nopcommerceApp-master/./Drivers\chromedriver\chromedriver.exe" type="java.lang.IllegalStateException">java.lang.IllegalStateException: The driver executable does not exist: /Users/pakinamnoureldeen/Downloads/nopcommerceApp-master/./Drivers\chromedriver\chromedriver.exe
</failure>
  </testcase>
  <testcase name="beforeMethod" classname="org.apache.maven.archetypes.nopcommerceApp.TestDeleteSearchedProduct" time="0">
    <skipped/>
  </testcase>
  <testcase name="test_IfSearchedProductWasDeletedAfterPressingDeleteButton" classname="org.apache.maven.archetypes.nopcommerceApp.TestDeleteSearchedProduct" time="0">
    <skipped message="The driver executable does not exist: /Users/pakinamnoureldeen/Downloads/nopcommerceApp-master/./Drivers\chromedriver\chromedriver.exe"/>
  </testcase>
  <testcase name="afterMethod" classname="org.apache.maven.archetypes.nopcommerceApp.TestDeleteSearchedProduct" time="0">
    <skipped/>
  </testcase>
  <testcase name="tearDown" classname="org.apache.maven.archetypes.nopcommerceApp.TestDeleteSearchedProduct" time="0">
    <skipped/>
  </testcase>
  <testcase name="setup" classname="org.apache.maven.archetypes.nopcommerceApp.ClearAllProductsTest" time="0.007">
    <failure message="The driver executable does not exist: /Users/pakinamnoureldeen/Downloads/nopcommerceApp-master/./Drivers\chromedriver\chromedriver.exe" type="java.lang.IllegalStateException">java.lang.IllegalStateException: The driver executable does not exist: /Users/pakinamnoureldeen/Downloads/nopcommerceApp-master/./Drivers\chromedriver\chromedriver.exe
</failure>
  </testcase>
  <testcase name="beforeMethod" classname="org.apache.maven.archetypes.nopcommerceApp.ClearAllProductsTest" time="0">
    <skipped/>
  </testcase>
  <testcase name="test_IfAllTheChosenProductsCanBeDeletedWhenPressingDeleteButton" classname="org.apache.maven.archetypes.nopcommerceApp.ClearAllProductsTest" time="0">
    <skipped message="The driver executable does not exist: /Users/pakinamnoureldeen/Downloads/nopcommerceApp-master/./Drivers\chromedriver\chromedriver.exe"/>
  </testcase>
  <testcase name="afterMethod" classname="org.apache.maven.archetypes.nopcommerceApp.ClearAllProductsTest" time="0">
    <skipped/>
  </testcase>
  <testcase name="tearDown" classname="org.apache.maven.archetypes.nopcommerceApp.ClearAllProductsTest" time="0">
    <skipped/>
  </testcase>
  <testcase name="setup" classname="org.apache.maven.archetypes.nopcommerceApp.TestAddManufacturer" time="0.196">
    <failure message="The driver executable does not exist: /Users/pakinamnoureldeen/Downloads/nopcommerceApp-master/./Drivers\chromedriver\chromedriver.exe" type="java.lang.IllegalStateException">java.lang.IllegalStateException: The driver executable does not exist: /Users/pakinamnoureldeen/Downloads/nopcommerceApp-master/./Drivers\chromedriver\chromedriver.exe
</failure>
  </testcase>
  <testcase name="beforeMethod" classname="org.apache.maven.archetypes.nopcommerceApp.TestAddManufacturer" time="0">
    <skipped/>
  </testcase>
  <testcase name="test_addManufacturer" classname="org.apache.maven.archetypes.nopcommerceApp.TestAddManufacturer" time="0">
    <skipped message="The driver executable does not exist: /Users/pakinamnoureldeen/Downloads/nopcommerceApp-master/./Drivers\chromedriver\chromedriver.exe"/>
  </testcase>
  <testcase name="afterMethod" classname="org.apache.maven.archetypes.nopcommerceApp.TestAddManufacturer" time="0">
    <skipped/>
  </testcase>
  <testcase name="tearDown" classname="org.apache.maven.archetypes.nopcommerceApp.TestAddManufacturer" time="0">
    <skipped/>
  </testcase>
</testsuite>